number,value,datetime_start,datetime_complete,duration,params_mirror_pos_x,params_mirror_pos_y,params_param_swing_speed,state
0,0.0,2026-01-12 22:15:46.739267,2026-01-12 22:16:18.468922,0 days 00:00:31.729655,11.00059679961598,93.41924742000873,0.9736255204580735,COMPLETE
1,0.0,2026-01-12 22:16:18.468922,2026-01-12 22:16:18.475932,0 days 00:00:00.007010,7.318025018939231,113.2848270092577,1.1240714532300755,COMPLETE
2,0.0,2026-01-12 22:16:18.476932,2026-01-12 22:16:18.481935,0 days 00:00:00.005003,30.214667345971378,79.92195176134592,11.752698875714394,COMPLETE
3,0.0,2026-01-12 22:16:18.481935,2026-01-12 22:16:18.487935,0 days 00:00:00.006000,48.67953875352369,93.62876173047226,9.04261510440143,COMPLETE
4,0.0,2026-01-12 22:16:18.487935,2026-01-12 22:16:18.493935,0 days 00:00:00.006000,-8.148395295760604,89.68719107154084,4.843749878089778,COMPLETE
5,434241.7540164996,2026-01-12 22:16:18.493935,2026-01-12 22:16:50.483173,0 days 00:00:31.989238,15.967319693408257,17.76226691471625,6.695930224989892,COMPLETE
6,0.0,2026-01-12 22:16:50.483173,2026-01-12 22:16:50.490019,0 days 00:00:00.006846,37.07864921631369,73.17219342758412,11.106373580934273,COMPLETE
7,0.0,2026-01-12 22:16:50.490019,2026-01-12 22:17:14.059966,0 days 00:00:23.569947,42.77319494815131,115.91615925672613,2.3893796634447426,COMPLETE
8,0.0,2026-01-12 22:17:14.059966,2026-01-12 22:17:14.068534,0 days 00:00:00.008568,54.69532073624109,80.5034124369099,11.340445542416717,COMPLETE
9,0.0,2026-01-12 22:17:14.068534,2026-01-12 22:17:14.075611,0 days 00:00:00.007077,54.01281995343635,34.974950577669986,4.206278571957322,COMPLETE
10,512381.3576904998,2026-01-12 22:17:14.075611,2026-01-12 22:17:42.158059,0 days 00:00:28.082448,54.73773315553126,49.860850391558955,4.031626149282734,COMPLETE
11,846557.2429652062,2026-01-12 22:17:42.158059,2026-01-12 22:18:04.910541,0 days 00:00:22.752482,36.20236356494718,5.21782133789678,4.04042817927328,COMPLETE
12,0.0,2026-01-12 22:18:04.910541,2026-01-12 22:18:37.578056,0 days 00:00:32.667515,11.989718960477937,90.88937204274183,12.039001271304922,COMPLETE
13,0.0,2026-01-12 22:18:37.578056,2026-01-12 22:18:37.594813,0 days 00:00:00.016757,24.659510627603566,36.771326024889824,8.607000333375874,COMPLETE
14,0.0,2026-01-12 22:18:37.594813,2026-01-12 22:18:37.594813,0 days 00:00:00,-14.672634868695402,14.408648383602326,11.807608920158518,COMPLETE
15,0.0,2026-01-12 22:18:37.594813,2026-01-12 22:18:37.609820,0 days 00:00:00.015007,-16.614666313010524,80.4545011882434,10.524739659327482,COMPLETE
16,173496.0514059812,2026-01-12 22:18:37.609820,2026-01-12 22:19:03.189496,0 days 00:00:25.579676,-4.467015917691599,45.90577264908486,5.951830584580201,COMPLETE
17,0.0,2026-01-12 22:19:03.190496,2026-01-12 22:19:03.197217,0 days 00:00:00.006721,25.30011596367318,50.57138162043059,14.878329433367725,COMPLETE
18,0.0,2026-01-12 22:19:03.197217,2026-01-12 22:19:03.203218,0 days 00:00:00.006001,13.42606833137333,77.45028329740097,6.628599385950086,COMPLETE
19,0.0,2026-01-12 22:19:03.204220,2026-01-12 22:19:03.209318,0 days 00:00:00.005098,13.40518397166879,40.172398250619416,8.161998279720954,COMPLETE
20,0.0,2026-01-12 22:19:03.210317,2026-01-12 22:19:03.212317,0 days 00:00:00.002000,-14.231654883821792,27.107839229172562,12.754945926481604,COMPLETE
21,430854.9456035172,2026-01-12 22:19:03.212317,2026-01-12 22:19:40.072202,0 days 00:00:36.859885,14.488264741274136,63.046611312551526,2.524799578078514,COMPLETE
22,0.0,2026-01-12 22:19:40.072202,2026-01-12 22:19:40.079202,0 days 00:00:00.007000,19.228805031574332,79.75465466150408,12.537252388103898,COMPLETE
23,0.0,2026-01-12 22:19:40.080068,2026-01-12 22:19:40.085003,0 days 00:00:00.004935,25.61478862767668,83.8845085219181,9.801209015218024,COMPLETE
24,323091.12806914333,2026-01-12 22:19:40.086004,2026-01-12 22:20:10.353298,0 days 00:00:30.267294,25.764331674910693,23.387399807174674,0.42733881073583,COMPLETE
25,0.0,2026-01-12 22:20:10.354298,2026-01-12 22:20:10.361298,0 days 00:00:00.007000,19.412158417496705,119.57560128773035,12.695215775629379,COMPLETE
26,833239.5241991839,2026-01-12 22:20:10.361298,2026-01-12 22:20:31.470153,0 days 00:00:21.108855,39.64988790023132,0.7919684811951067,5.695795293579409,COMPLETE
27,173111.75832795975,2026-01-12 22:20:31.470153,2026-01-12 22:20:57.213801,0 days 00:00:25.743648,35.16232076795041,40.68402235332139,1.6286330910756526,COMPLETE
28,1114457.6460874262,2026-01-12 22:20:57.222125,2026-01-12 22:21:20.625456,0 days 00:00:23.403331,41.71834813181757,10.493985856137762,5.5739525359331505,COMPLETE
29,0.0,2026-01-12 22:21:20.626393,2026-01-12 22:21:20.632759,0 days 00:00:00.006366,57.337864060643824,110.37914103782673,2.5121478824271786,COMPLETE
30,1986293.9594079305,2026-01-12 22:21:20.633771,2026-01-12 22:21:57.403728,0 days 00:00:36.769957,11.048928933306179,81.11491754398358,7.873143709388846,COMPLETE
31,0.0,2026-01-12 22:21:57.403728,2026-01-12 22:21:57.418453,0 days 00:00:00.014725,40.0678518087857,64.61356245027899,9.503775751176436,COMPLETE
32,0.0,2026-01-12 22:21:57.418453,2026-01-12 22:21:57.418453,0 days 00:00:00,48.99949719728592,19.168600276054498,4.202020663390241,COMPLETE
33,459731.69896236353,2026-01-12 22:21:57.418453,2026-01-12 22:22:22.230074,0 days 00:00:24.811621,39.061342227822415,35.106393932754784,6.3546107599421395,COMPLETE
34,0.0,2026-01-12 22:22:22.231077,2026-01-12 22:22:22.238072,0 days 00:00:00.006995,17.591776309007585,73.89257002531818,4.832420242651617,COMPLETE
35,0.0,2026-01-12 22:22:22.239074,2026-01-12 22:22:22.244078,0 days 00:00:00.005004,-3.252276188867647,92.79194205339805,0.02733664606913655,COMPLETE
36,176296.8213915153,2026-01-12 22:22:22.244078,2026-01-12 22:22:49.870693,0 days 00:00:27.626615,35.40964008239621,43.64999176634945,0.4824335989609796,COMPLETE
37,716861.3460995016,2026-01-12 22:22:49.871692,2026-01-12 22:23:11.564280,0 days 00:00:21.692588,42.969571316459614,5.885763106615456,4.037807935169525,COMPLETE
38,0.0,2026-01-12 22:23:11.565280,2026-01-12 22:23:11.572280,0 days 00:00:00.007000,25.90072333964109,55.46989296003574,10.439794519288606,COMPLETE
39,376566.99733987893,2026-01-12 22:23:11.573280,2026-01-12 22:23:43.395684,0 days 00:00:31.822404,7.0071705448802675,87.44333665310118,4.615612040801239,COMPLETE
40,0.0,2026-01-12 22:23:43.395684,2026-01-12 22:24:09.655184,0 days 00:00:26.259500,13.556813338511844,96.42535955805212,11.58461590528143,COMPLETE
41,0.0,2026-01-12 22:24:09.655184,2026-01-12 22:24:09.663638,0 days 00:00:00.008454,-14.984280066351223,111.4706292777773,0.7651902959225754,COMPLETE
42,0.0,2026-01-12 22:24:09.663638,2026-01-12 22:24:09.669638,0 days 00:00:00.006000,7.6317576815259685,91.11262327421561,7.148793729892769,COMPLETE
43,0.0,2026-01-12 22:24:09.669638,2026-01-12 22:24:09.674638,0 days 00:00:00.005000,19.281646124936238,7.600086246623432,9.324838547077304,COMPLETE
44,0.0,2026-01-12 22:24:09.674638,2026-01-12 22:24:09.680890,0 days 00:00:00.006252,24.42110405363465,84.44629923102381,13.18974967273692,COMPLETE
45,152047.03531525435,2026-01-12 22:24:09.680890,2026-01-12 22:24:39.534716,0 days 00:00:29.853826,31.419975309073948,48.44338114376923,2.700197805189487,COMPLETE
46,0.0,2026-01-12 22:24:39.535533,2026-01-12 22:24:39.543340,0 days 00:00:00.007807,-16.70405962548039,98.91436970754366,9.666295837640451,COMPLETE
47,0.0,2026-01-12 22:24:39.543340,2026-01-12 22:25:07.033311,0 days 00:00:27.489971,50.25671990750489,117.02250617706602,10.246884090906075,COMPLETE
48,0.0,2026-01-12 22:25:07.033311,2026-01-12 22:25:07.040978,0 days 00:00:00.007667,40.022783840292895,18.252104445878416,5.068006982514998,COMPLETE
49,0.0,2026-01-12 22:25:07.041980,2026-01-12 22:25:07.047978,0 days 00:00:00.005998,24.441574090924163,43.5666766568406,11.381219798079957,COMPLETE
50,0.0,2026-01-12 22:25:07.047978,2026-01-12 22:25:07.052979,0 days 00:00:00.005001,-12.61668147588666,71.73219384089545,1.850545590666891,COMPLETE
51,1925974.4872834096,2026-01-12 22:25:07.052979,2026-01-12 22:25:30.784387,0 days 00:00:23.731408,57.45774981039014,20.912473057839343,9.329308139446558,COMPLETE
52,0.0,2026-01-12 22:25:30.784387,2026-01-12 22:25:30.800251,0 days 00:00:00.015864,28.441728542861924,98.71251445879831,3.402007405273861,COMPLETE
53,808986.4738958102,2026-01-12 22:25:30.800251,2026-01-12 22:26:02.050240,0 days 00:00:31.249989,-3.236024791834833,9.018341079945307,4.480200506066336,COMPLETE
54,0.0,2026-01-12 22:26:02.051240,2026-01-12 22:26:02.058886,0 days 00:00:00.007646,56.901541237260375,2.9840510418218535,12.176647172761628,COMPLETE
55,0.0,2026-01-12 22:26:02.058886,2026-01-12 22:26:02.064270,0 days 00:00:00.005384,27.047860767385828,14.194183514165125,8.97136220456765,COMPLETE
56,0.0,2026-01-12 22:26:02.064270,2026-01-12 22:26:02.070117,0 days 00:00:00.005847,21.542907793235912,50.73149579257729,0.012779034780075471,COMPLETE
57,508895.5207602373,2026-01-12 22:26:02.070117,2026-01-12 22:26:34.710896,0 days 00:00:32.640779,9.763691560229226,18.354551138801508,7.730767178102808,COMPLETE
58,124108.15404235711,2026-01-12 22:26:34.710896,2026-01-12 22:27:05.754373,0 days 00:00:31.043477,10.144298506073621,86.41701382100356,2.849826481488032,COMPLETE
59,0.0,2026-01-12 22:27:05.754373,2026-01-12 22:27:05.761374,0 days 00:00:00.007001,53.17206517713882,82.0856407291111,14.67688180146615,COMPLETE
60,0.0,2026-01-12 22:27:05.761374,2026-01-12 22:27:05.767542,0 days 00:00:00.006168,23.112076247904355,31.608422100440944,14.196100619028071,COMPLETE
61,381534.72040784964,2026-01-12 22:27:05.767542,2026-01-12 22:27:34.041289,0 days 00:00:28.273747,29.398863545154427,22.212196132718258,14.373472191315216,COMPLETE
62,171804.3230468253,2026-01-12 22:27:34.042289,2026-01-12 22:28:01.227932,0 days 00:00:27.185643,51.0672195962635,70.18011065476205,10.725162245720897,COMPLETE
63,933989.9730335751,2026-01-12 22:28:01.227932,2026-01-12 22:28:30.589329,0 days 00:00:29.361397,-1.7686090587930607,68.02008411068036,11.672443155916717,COMPLETE
64,0.0,2026-01-12 22:28:30.589657,2026-01-12 22:28:30.597110,0 days 00:00:00.007453,-10.037147876907904,94.69474186494111,2.3309759591744794,COMPLETE
65,496010.68107928644,2026-01-12 22:28:30.597110,2026-01-12 22:29:06.447502,0 days 00:00:35.850392,33.81417312478423,64.17357267882079,11.891478450415518,COMPLETE
66,10355.176499096144,2026-01-12 22:29:06.447502,2026-01-12 22:29:36.821116,0 days 00:00:30.373614,42.14357915213621,83.1708784947771,7.171010091165989,COMPLETE
67,0.0,2026-01-12 22:29:36.821116,2026-01-12 22:29:36.821116,0 days 00:00:00,51.34703932132419,32.775596848742985,2.181958973576971,COMPLETE
68,0.0,2026-01-12 22:29:36.821116,2026-01-12 22:29:36.835511,0 days 00:00:00.014395,-2.059280001087764,63.999383007840635,5.472062093620294,COMPLETE
69,0.0,2026-01-12 22:29:36.835511,2026-01-12 22:29:36.839850,0 days 00:00:00.004339,-9.707274647981308,40.2108366531907,4.18797983752383,COMPLETE
70,0.0,2026-01-12 22:29:36.839850,2026-01-12 22:29:36.839850,0 days 00:00:00,3.353780337768029,37.596183288122106,5.981438596383525,COMPLETE
71,0.0,2026-01-12 22:29:36.839850,2026-01-12 22:29:36.851374,0 days 00:00:00.011524,40.26276993273716,107.15021912168812,7.169686838269897,COMPLETE
72,0.0,2026-01-12 22:29:36.851374,2026-01-12 22:29:36.857190,0 days 00:00:00.005816,20.816051507399365,55.73313258384479,14.952485153981499,COMPLETE
73,0.0,2026-01-12 22:29:36.857190,2026-01-12 22:29:36.857190,0 days 00:00:00,-8.734957672482135,6.355854581972493,7.699456821696567,COMPLETE
74,0.0,2026-01-12 22:29:36.857190,2026-01-12 22:29:36.867212,0 days 00:00:00.010022,-15.302312792449104,104.14515817422723,6.648561010934129,COMPLETE
75,292205.4124869836,2026-01-12 22:29:36.867212,2026-01-12 22:30:08.729806,0 days 00:00:31.862594,11.173385674172806,59.892629546423095,8.437591865528692,COMPLETE
76,0.0,2026-01-12 22:30:08.730806,2026-01-12 22:30:08.738809,0 days 00:00:00.008003,5.486124816419675,34.19133148426103,0.526366704245626,COMPLETE
77,0.0,2026-01-12 22:30:08.738809,2026-01-12 22:30:08.744226,0 days 00:00:00.005417,-19.711625225939233,97.53246815286406,9.407060121239098,COMPLETE
78,493209.62518502993,2026-01-12 22:30:08.744226,2026-01-12 22:30:29.307934,0 days 00:00:20.563708,14.399556384197439,2.541400087822958,13.133956140157808,COMPLETE
79,0.0,2026-01-12 22:30:29.307934,2026-01-12 22:30:29.315401,0 days 00:00:00.007467,-4.144653383757033,55.72738899469311,3.5331879405241957,COMPLETE
80,0.0,2026-01-12 22:30:29.316401,2026-01-12 22:30:29.322401,0 days 00:00:00.006000,22.435148941171647,55.5407087716865,6.099294467738801,COMPLETE
81,0.0,2026-01-12 22:30:29.322401,2026-01-12 22:30:29.327408,0 days 00:00:00.005007,24.11178309146348,38.62917852872003,9.322322019973155,COMPLETE
82,0.0,2026-01-12 22:30:29.328408,2026-01-12 22:30:53.863122,0 days 00:00:24.534714,45.63214554525574,110.84530826666484,1.2855230792788848,COMPLETE
83,0.0,2026-01-12 22:30:53.863122,2026-01-12 22:30:53.871121,0 days 00:00:00.007999,36.15591212178778,83.17501912646048,14.49981318986508,COMPLETE
84,111550.72921042515,2026-01-12 22:30:53.871121,2026-01-12 22:31:20.644156,0 days 00:00:26.773035,26.28565805465015,74.88826928970204,11.150013418788161,COMPLETE
85,0.0,2026-01-12 22:31:20.644156,2026-01-12 22:31:20.647776,0 days 00:00:00.003620,-18.663228154140484,68.6135006312499,1.2105247487844202,COMPLETE
86,88547.73456016852,2026-01-12 22:31:20.647776,2026-01-12 22:31:54.989125,0 days 00:00:34.341349,44.97630320454485,76.65486512225966,14.360498825549763,COMPLETE
87,0.0,2026-01-12 22:31:54.989125,2026-01-12 22:31:54.996909,0 days 00:00:00.007784,-3.6515325448867486,105.23786865341783,14.976254555846213,COMPLETE
88,0.0,2026-01-12 22:31:54.996909,2026-01-12 22:31:55.003419,0 days 00:00:00.006510,54.52013062496947,37.35327314136087,1.9261135174088606,COMPLETE
89,0.0,2026-01-12 22:31:55.003419,2026-01-12 22:31:55.008427,0 days 00:00:00.005008,6.224290199769882,29.134173287204415,6.002844463696916,COMPLETE
90,0.0,2026-01-12 22:31:55.009427,2026-01-12 22:31:55.013548,0 days 00:00:00.004121,37.251171267693806,15.547014094246595,12.488868917120662,COMPLETE
91,57833.96179294714,2026-01-12 22:31:55.014548,2026-01-12 22:32:22.261164,0 days 00:00:27.246616,32.5343715029249,73.1851506210127,0.6203247008366464,COMPLETE
92,0.0,2026-01-12 22:32:22.262164,2026-01-12 22:32:22.269290,0 days 00:00:00.007126,8.614735225245465,113.62179518623915,12.779706322646335,COMPLETE
93,0.0,2026-01-12 22:32:22.269290,2026-01-12 22:32:22.274730,0 days 00:00:00.005440,53.19204381234647,102.44510537863924,0.5707696529380274,COMPLETE
94,0.0,2026-01-12 22:32:22.275730,2026-01-12 22:32:22.279737,0 days 00:00:00.004007,-15.659651851499001,29.77262730723205,2.5752651270263094,COMPLETE
95,0.0,2026-01-12 22:32:22.279737,2026-01-12 22:32:22.284747,0 days 00:00:00.005010,54.57062496207794,23.829337579118388,7.080930870737797,COMPLETE
96,0.0,2026-01-12 22:32:22.285746,2026-01-12 22:32:22.291210,0 days 00:00:00.005464,33.668331493392316,85.76881222526094,11.763628777962852,COMPLETE
97,0.0,2026-01-12 22:32:22.291210,2026-01-12 22:32:22.296557,0 days 00:00:00.005347,-19.361068506344168,103.40979362787745,1.5978137777402912,COMPLETE
98,0.0,2026-01-12 22:32:22.296557,2026-01-12 22:32:22.300776,0 days 00:00:00.004219,42.25568056709264,51.86483670611234,12.453182593409265,COMPLETE
99,0.0,2026-01-12 22:32:22.300776,2026-01-12 22:32:22.307744,0 days 00:00:00.006968,54.49518915371604,37.75012759009057,0.9069670389162893,COMPLETE
100,0.0,2026-01-12 22:32:22.307744,2026-01-12 22:32:48.513022,0 days 00:00:26.205278,48.46678347989766,117.43971838204014,3.237520759638665,COMPLETE
101,0.0,2026-01-12 22:32:48.513022,2026-01-12 22:32:48.513022,0 days 00:00:00,54.50750464416177,110.87400954013408,8.206610191270446,COMPLETE
102,1404911.164613117,2026-01-12 22:32:48.513022,2026-01-12 22:33:11.738489,0 days 00:00:23.225467,44.12145454020137,11.329205647570571,5.465788802685292,COMPLETE
103,755761.1331073862,2026-01-12 22:33:11.738489,2026-01-12 22:33:31.864137,0 days 00:00:20.125648,49.90902858412599,7.719746200675166,10.102578803428056,COMPLETE
104,0.0,2026-01-12 22:33:31.864137,2026-01-12 22:33:31.879686,0 days 00:00:00.015549,57.82112258768301,35.10931519955499,0.7802392183337259,COMPLETE
105,0.0,2026-01-12 22:33:31.879686,2026-01-12 22:33:31.879686,0 days 00:00:00,21.564397009139924,26.45358130439519,14.045576694993306,COMPLETE
106,0.0,2026-01-12 22:33:31.879686,2026-01-12 22:33:31.894221,0 days 00:00:00.014535,51.2487291848428,118.18353810623132,12.293756884531659,COMPLETE
107,0.0,2026-01-12 22:33:31.894221,2026-01-12 22:33:31.902240,0 days 00:00:00.008019,7.734026090334389,5.754333059916932,3.862394277931203,COMPLETE
108,0.0,2026-01-12 22:33:31.902240,2026-01-12 22:33:31.902240,0 days 00:00:00,-3.2174281090869457,58.24340610464226,1.0462024755435362,COMPLETE
109,0.0,2026-01-12 22:33:31.902240,2026-01-12 22:33:31.910289,0 days 00:00:00.008049,-14.115926663719565,117.73727218416104,3.4578239578143917,COMPLETE
110,0.0,2026-01-12 22:33:31.910289,2026-01-12 22:33:31.919120,0 days 00:00:00.008831,30.528508853447462,39.35725163274748,13.614512151995438,COMPLETE
111,0.0,2026-01-12 22:33:31.919120,2026-01-12 22:34:02.587790,0 days 00:00:30.668670,21.065667163503136,113.2173653511113,5.176948821203205,COMPLETE
112,306666.3979962165,2026-01-12 22:34:02.588791,2026-01-12 22:34:35.277545,0 days 00:00:32.688754,44.15976821004767,74.71666269511644,4.049057706893063,COMPLETE
113,0.0,2026-01-12 22:34:35.278553,2026-01-12 22:34:35.285553,0 days 00:00:00.007000,38.989631664370776,18.33892865001902,10.080454353938574,COMPLETE
114,0.0,2026-01-12 22:34:35.286553,2026-01-12 22:34:35.291553,0 days 00:00:00.005000,57.73204344278852,87.92585822952633,9.6007842493489,COMPLETE
115,568981.5906306378,2026-01-12 22:34:35.291553,2026-01-12 22:34:55.008560,0 days 00:00:19.717007,-2.8183932903763953,35.695580889944395,11.707935463126999,COMPLETE
116,1062217.358346241,2026-01-12 22:34:55.009230,2026-01-12 22:35:20.055672,0 days 00:00:25.046442,-4.670112651849845,72.24258215393218,6.680523610659213,COMPLETE
117,216369.6348174745,2026-01-12 22:35:20.056671,2026-01-12 22:35:41.632197,0 days 00:00:21.575526,39.01149960482825,0.9163330239878587,6.668236718109387,COMPLETE
118,100431.2003680804,2026-01-12 22:35:41.632478,2026-01-12 22:36:12.227810,0 days 00:00:30.595332,25.096229817425602,76.72748373336998,14.997312077221231,COMPLETE
119,0.0,2026-01-12 22:36:12.227810,2026-01-12 22:36:12.236141,0 days 00:00:00.008331,32.7438700760456,75.4223781909013,11.393980465798471,COMPLETE
120,0.0,2026-01-12 22:36:12.236141,2026-01-12 22:36:12.241392,0 days 00:00:00.005251,7.789899285945403,2.0779192513058264,3.651606227621535,COMPLETE
121,0.0,2026-01-12 22:36:12.241392,2026-01-12 22:36:12.246400,0 days 00:00:00.005008,-8.081573674813773,52.35214758623007,1.9892347509971335,COMPLETE
122,0.0,2026-01-12 22:36:12.247400,2026-01-12 22:36:12.252529,0 days 00:00:00.005129,42.35387703251455,17.107155235611128,3.1224935056485226,COMPLETE
123,145972.4625172534,2026-01-12 22:36:12.252529,2026-01-12 22:36:41.577668,0 days 00:00:29.325139,33.078143015626715,49.56913494306861,4.863829546525257,COMPLETE
124,528832.5150036648,2026-01-12 22:36:41.578668,2026-01-12 22:37:15.722284,0 days 00:00:34.143616,8.444369240403418,61.82807686236153,7.120357077926914,COMPLETE
125,1359608.1981189277,2026-01-12 22:37:15.722284,2026-01-12 22:37:44.694349,0 days 00:00:28.972065,-1.2735608135431598,9.2525270754484,8.349422777385154,COMPLETE
126,0.0,2026-01-12 22:37:44.694349,2026-01-12 22:37:44.704724,0 days 00:00:00.010375,33.58257016073846,99.94477936290666,13.597359127579976,COMPLETE
127,0.0,2026-01-12 22:37:44.704724,2026-01-12 22:38:09.830546,0 days 00:00:25.125822,48.70600621036013,115.9532365557831,2.6039827794117825,COMPLETE
128,126435.86056396812,2026-01-12 22:38:09.830546,2026-01-12 22:38:33.212542,0 days 00:00:23.381996,-17.42250515676858,50.71176749449923,1.1055747809140244,COMPLETE
129,0.0,2026-01-12 22:38:33.212542,2026-01-12 22:39:02.936128,0 days 00:00:29.723586,20.283357214399174,117.62846818832087,2.4449728925397443,COMPLETE
130,179577.72344375658,2026-01-12 22:39:02.936128,2026-01-12 22:39:27.576409,0 days 00:00:24.640281,36.880021912116916,42.93903277525756,4.7091966928095506,COMPLETE
131,0.0,2026-01-12 22:39:27.576409,2026-01-12 22:39:47.490622,0 days 00:00:19.914213,37.60490468766632,117.60265531612094,3.969745937945941,COMPLETE
132,0.0,2026-01-12 22:39:47.491799,2026-01-12 22:39:47.499213,0 days 00:00:00.007414,38.607522916815014,82.34879038706826,1.5582257297603086,COMPLETE
133,0.0,2026-01-12 22:39:47.499213,2026-01-12 22:40:19.609619,0 days 00:00:32.110406,21.630696500649307,110.8978368872772,1.8126168406862146,COMPLETE
134,0.0,2026-01-12 22:40:19.610619,2026-01-12 22:40:19.618540,0 days 00:00:00.007921,36.97461958178767,53.909797032266454,5.098396639713004,COMPLETE
135,0.0,2026-01-12 22:40:19.618540,2026-01-12 22:40:19.623886,0 days 00:00:00.005346,26.793604698027337,28.214816882442832,2.5361514621555816,COMPLETE
136,0.0,2026-01-12 22:40:19.623886,2026-01-12 22:40:19.630596,0 days 00:00:00.006710,24.209306967772434,7.865073694751641,3.9442817768589626,COMPLETE
137,0.0,2026-01-12 22:40:19.630596,2026-01-12 22:40:52.716677,0 days 00:00:33.086081,39.28244908764643,87.23256354755608,0.9501549309535401,COMPLETE
138,0.0,2026-01-12 22:40:52.716677,2026-01-12 22:40:52.724682,0 days 00:00:00.008005,50.59495591583733,105.6631493454051,11.956646917259585,COMPLETE
139,0.0,2026-01-12 22:40:52.724682,2026-01-12 22:40:52.730676,0 days 00:00:00.005994,40.915658667704626,44.02780746780668,12.674304980950373,COMPLETE
140,0.0,2026-01-12 22:40:52.730676,2026-01-12 22:40:52.736680,0 days 00:00:00.006004,-13.722205142221613,37.67228537501191,14.82437980063271,COMPLETE
