number,value,datetime_start,datetime_complete,duration,params_mirror_pos_x,params_mirror_pos_y,params_param_swing_speed,state
284,0.0,2026-01-11 22:47:13.300223,2026-01-11 22:47:13.316493,0 days 00:00:00.016270,54.389861236960954,8.784708869242138,10.82832976534618,COMPLETE
285,3988712.0,2026-01-11 22:47:13.316493,2026-01-11 22:47:39.562765,0 days 00:00:26.246272,49.97882834765038,16.521538228968662,11.193135283742144,COMPLETE
286,1197912.0,2026-01-11 22:47:39.562765,2026-01-11 22:48:03.268639,0 days 00:00:23.705874,45.168085698770696,11.415257325254675,10.634847720196063,COMPLETE
287,2031030.0,2026-01-11 22:48:03.268639,2026-01-11 22:48:25.388688,0 days 00:00:22.120049,47.84254733720999,13.95454329407511,11.709819650602803,COMPLETE
288,1567149.0,2026-01-11 22:48:25.389688,2026-01-11 22:48:50.713813,0 days 00:00:25.324125,49.59915260267144,17.226847213690224,11.029249607276274,COMPLETE
289,0.0,2026-01-11 22:48:50.713813,2026-01-11 22:48:50.728597,0 days 00:00:00.014784,50.40836129244684,19.872799401563487,12.181575953863778,COMPLETE
290,529550.0,2026-01-11 22:48:50.729598,2026-01-11 22:49:11.662322,0 days 00:00:20.932724,46.29931712785667,14.828376426440528,12.580490446250863,COMPLETE
291,729169.0,2026-01-11 22:49:11.662322,2026-01-11 22:49:33.503676,0 days 00:00:21.841354,48.63501631209093,11.10825472991809,10.354775798735155,COMPLETE
292,3269903.0,2026-01-11 22:49:33.503676,2026-01-11 22:49:57.950298,0 days 00:00:24.446622,51.89417353310157,17.368617842145554,11.236977526130298,COMPLETE
293,2199639.0,2026-01-11 22:49:57.950298,2026-01-11 22:50:21.116798,0 days 00:00:23.166500,51.634361699821,16.008728439303653,11.465324431620235,COMPLETE
294,453401.0,2026-01-11 22:50:21.116798,2026-01-11 22:50:42.324592,0 days 00:00:21.207794,50.033158996668604,8.630100738406295,10.729155706378403,COMPLETE
295,1778712.0,2026-01-11 22:50:42.324592,2026-01-11 22:51:04.295991,0 days 00:00:21.971399,51.51680158712806,13.634013020759696,11.818564092060946,COMPLETE
296,2041836.0,2026-01-11 22:51:04.296991,2026-01-11 22:51:27.739857,0 days 00:00:23.442866,52.710574669511935,17.60489754903661,11.191770940194981,COMPLETE
297,0.0,2026-01-11 22:51:27.740938,2026-01-11 22:51:27.754968,0 days 00:00:00.014030,49.02947840682675,20.27697337490219,10.920030289826988,COMPLETE
298,2158328.0,2026-01-11 22:51:27.754968,2026-01-11 22:51:49.981168,0 days 00:00:22.226200,54.16170343214426,16.913324745057444,11.440121316154267,COMPLETE
299,172738.0,2026-01-11 22:51:49.982168,2026-01-11 22:52:18.604471,0 days 00:00:28.622303,50.771494488771275,59.03233589043332,12.053716185509478,COMPLETE
