number,value,datetime_start,datetime_complete,duration,params_mirror_pos_x,params_mirror_pos_y,params_param_swing_speed,state
274,295828.16789224604,2026-01-12 21:59:58.368869,2026-01-12 22:00:27.509371,0 days 00:00:29.140502,-8.528236460909929,18.853088369978558,6.572417347573484,COMPLETE
275,0.0,2026-01-12 22:00:27.510371,2026-01-12 22:00:27.524986,0 days 00:00:00.014615,-11.57793182069646,21.55176531942804,6.9885929138552285,COMPLETE
276,758566.9986450006,2026-01-12 22:00:27.524986,2026-01-12 22:00:55.664993,0 days 00:00:28.140007,-9.492714597823927,13.86461405000077,8.405040318935121,COMPLETE
277,0.0,2026-01-12 22:00:55.664993,2026-01-12 22:00:55.673660,0 days 00:00:00.008667,-17.796398013407803,26.035578299724648,7.316311773436489,COMPLETE
278,2621275.1958176503,2026-01-12 22:00:55.673660,2026-01-12 22:01:26.709629,0 days 00:00:31.035969,-5.086041263691358,23.786614860203304,7.83250871653757,COMPLETE
279,1943734.6429214224,2026-01-12 22:01:26.709629,2026-01-12 22:01:57.339472,0 days 00:00:30.629843,-2.599011089361242,23.65126406208882,7.886485760844575,COMPLETE
280,403011.59433632303,2026-01-12 22:01:57.340472,2026-01-12 22:02:26.958607,0 days 00:00:29.618135,-2.776298950726063,26.118226500309905,7.690360606130589,COMPLETE
281,353036.2925591729,2026-01-12 22:02:26.959607,2026-01-12 22:02:55.306679,0 days 00:00:28.347072,-4.850241026150081,71.5403772570867,7.500758413619825,COMPLETE
282,992526.9693869399,2026-01-12 22:02:55.306679,2026-01-12 22:03:26.815421,0 days 00:00:31.508742,-3.356663284910244,19.170158884164536,8.16752433460747,COMPLETE
283,334273.56746290193,2026-01-12 22:03:26.816523,2026-01-12 22:03:56.788392,0 days 00:00:29.971869,-5.630363644427315,22.237276918566717,7.2633197177448645,COMPLETE
284,1101940.7787725525,2026-01-12 22:03:56.789392,2026-01-12 22:04:27.499011,0 days 00:00:30.709619,-5.895399930465427,17.30535332860124,7.867948859097365,COMPLETE
285,179662.4575455554,2026-01-12 22:04:27.499011,2026-01-12 22:04:57.254786,0 days 00:00:29.755775,-2.8436688193036037,26.13600157661361,6.86823522444375,COMPLETE
286,1871972.389288528,2026-01-12 22:04:57.255048,2026-01-12 22:05:27.714218,0 days 00:00:30.459170,-4.54263906487248,23.60337281083736,7.663696830863127,COMPLETE
287,881207.4330059405,2026-01-12 22:05:27.714218,2026-01-12 22:05:57.897798,0 days 00:00:30.183580,-6.604027994393075,20.34281077288356,8.355903565874486,COMPLETE
288,2317588.435539115,2026-01-12 22:05:57.897798,2026-01-12 22:06:25.660868,0 days 00:00:27.763070,-9.491350037943679,15.628409538861426,7.106488590320757,COMPLETE
289,0.0,2026-01-12 22:06:25.661914,2026-01-12 22:06:25.674955,0 days 00:00:00.013041,-10.706464864098715,12.22922901822161,7.1129033354790305,COMPLETE
290,418725.96084376716,2026-01-12 22:06:25.674955,2026-01-12 22:06:53.172356,0 days 00:00:27.497401,-9.218819432900885,15.5163394440977,6.422259712899176,COMPLETE
291,0.0,2026-01-12 22:06:53.172356,2026-01-12 22:06:53.185723,0 days 00:00:00.013367,-11.667620543049004,17.596269400740315,7.432390677238965,COMPLETE
292,0.0,2026-01-12 22:06:53.186724,2026-01-12 22:06:53.199049,0 days 00:00:00.012325,-12.977789374953705,15.195903619684984,7.099720552983067,COMPLETE
293,0.0,2026-01-12 22:06:53.199049,2026-01-12 22:06:53.211174,0 days 00:00:00.012125,-6.96786986425286,81.02745087886765,7.918229712482978,COMPLETE
294,0.0,2026-01-12 22:06:53.211174,2026-01-12 22:06:53.222580,0 days 00:00:00.011406,-8.664726343977334,10.650185886722443,6.827089695412762,COMPLETE
295,1695081.1074750193,2026-01-12 22:06:53.222580,2026-01-12 22:07:23.272146,0 days 00:00:30.049566,-5.1129581295654924,18.422349100258735,7.584357534408029,COMPLETE
296,1035551.9851916417,2026-01-12 22:07:23.273146,2026-01-12 22:07:53.123400,0 days 00:00:29.850254,-9.824967357007997,21.78515205616701,7.27553077089098,COMPLETE
297,1421899.1004753616,2026-01-12 22:07:53.123400,2026-01-12 22:08:22.181723,0 days 00:00:29.058323,-6.78822075530029,23.732596515080807,8.101164022940724,COMPLETE
298,1497183.597736819,2026-01-12 22:08:22.181723,2026-01-12 22:08:51.803468,0 days 00:00:29.621745,-8.288805486688673,20.028428644555877,7.781293034493422,COMPLETE
299,870774.0973858294,2026-01-12 22:08:51.803468,2026-01-12 22:09:23.582611,0 days 00:00:31.779143,10.537605440440558,13.45000679156179,6.12953702566462,COMPLETE
