number,value,datetime_start,datetime_complete,duration,params_mirror_pos_x,params_mirror_pos_y,params_param_swing_speed,state
278,233680.1991737442,2026-01-12 23:25:22.768811,2026-01-12 23:25:57.729505,0 days 00:00:34.960694,-2.424237177282397,21.83907026038508,4.666200127599833,COMPLETE
279,1452794.3958004743,2026-01-12 23:25:57.730505,2026-01-12 23:26:26.983537,0 days 00:00:29.253032,4.34660645469873,14.42418284984991,6.104589736017712,COMPLETE
280,0.0,2026-01-12 23:26:26.984344,2026-01-12 23:26:26.997175,0 days 00:00:00.012831,0.3863346660144322,18.909551714573713,6.5841090314243385,COMPLETE
281,199270.4450247424,2026-01-12 23:26:26.997175,2026-01-12 23:26:58.606446,0 days 00:00:31.609271,-4.1075264293572555,16.280013988637826,5.268898631550295,COMPLETE
282,0.0,2026-01-12 23:26:58.606446,2026-01-12 23:26:58.622434,0 days 00:00:00.015988,3.010379815149841,7.577088861210143,5.6307420860158,COMPLETE
283,1319215.8825718053,2026-01-12 23:26:58.622434,2026-01-12 23:27:33.661376,0 days 00:00:35.038942,-0.7910512582828125,13.895837755140322,5.026881468638245,COMPLETE
284,1086163.054304333,2026-01-12 23:27:33.661376,2026-01-12 23:28:02.480982,0 days 00:00:28.819606,1.1434951354010867,10.704846977491316,6.25023471959262,COMPLETE
285,1563948.8935574314,2026-01-12 23:28:02.480982,2026-01-12 23:28:32.009121,0 days 00:00:29.528139,6.067768045584856,16.460183138170652,5.881375024968988,COMPLETE
286,3174416.1964094713,2026-01-12 23:28:32.009121,2026-01-12 23:29:04.144100,0 days 00:00:32.134979,-2.226537160760648,13.289922487478075,5.546548542522636,COMPLETE
287,197952.13851364076,2026-01-12 23:29:04.144100,2026-01-12 23:29:33.519059,0 days 00:00:29.374959,-2.3414195269232607,19.610096581227452,5.642933384937011,COMPLETE
288,0.0,2026-01-12 23:29:33.519059,2026-01-12 23:29:33.532758,0 days 00:00:00.013699,-5.2594246145435335,4.742050124174428,4.903269011451763,COMPLETE
289,1660580.9311216164,2026-01-12 23:29:33.532758,2026-01-12 23:30:05.113414,0 days 00:00:31.580656,-0.9203045872204463,12.598074164112262,5.913726879763639,COMPLETE
290,184941.02371635498,2026-01-12 23:30:05.113414,2026-01-12 23:30:34.164953,0 days 00:00:29.051539,-3.3194900172507036,24.905408495588816,5.315885521156981,COMPLETE
291,870103.937289334,2026-01-12 23:30:34.164953,2026-01-12 23:31:03.829214,0 days 00:00:29.664261,0.8672384408727196,9.644520478293597,4.573244840495536,COMPLETE
292,254661.24992451313,2026-01-12 23:31:03.829214,2026-01-12 23:31:32.306910,0 days 00:00:28.477696,-6.85064908361475,16.12603203430204,5.644507277258391,COMPLETE
293,1195838.1585616504,2026-01-12 23:31:32.306910,2026-01-12 23:32:06.467350,0 days 00:00:34.160440,-1.2022472990358122,7.553829764234951,6.289077940897412,COMPLETE
294,1532288.6667483512,2026-01-12 23:32:06.467350,2026-01-12 23:32:40.489341,0 days 00:00:34.021991,0.4569709797835193,13.949564660268775,5.196074911059749,COMPLETE
295,2381136.258892612,2026-01-12 23:32:40.489341,2026-01-12 23:33:12.557538,0 days 00:00:32.068197,3.300940273948622,10.955127806844526,5.545416119835532,COMPLETE
296,3113386.5530174533,2026-01-12 23:33:12.557538,2026-01-12 23:33:43.949839,0 days 00:00:31.392301,-2.5899221968084793,10.970849921435706,5.415184644923933,COMPLETE
297,262751.83333702385,2026-01-12 23:33:43.951022,2026-01-12 23:34:08.379370,0 days 00:00:24.428348,-4.1558317439056065,10.791722100603991,5.415301606037708,COMPLETE
298,640126.7863577367,2026-01-12 23:34:08.379370,2026-01-12 23:34:39.574357,0 days 00:00:31.194987,-2.4149407494534163,7.044687774025409,4.8910106382486465,COMPLETE
299,0.0,2026-01-12 23:34:39.575357,2026-01-12 23:34:39.589354,0 days 00:00:00.013997,17.718659100004828,11.12526907296,5.283175645675854,COMPLETE
300,0.0,2026-01-12 23:34:39.589354,2026-01-12 23:34:39.601180,0 days 00:00:00.011826,4.232256914143462,8.508788325706469,5.546960817399057,COMPLETE
301,1563023.6306856323,2026-01-12 23:34:39.601180,2026-01-12 23:35:12.344698,0 days 00:00:32.743518,0.3609259859259837,12.811386808255934,5.0654194612508965,COMPLETE
302,1849916.8229791918,2026-01-12 23:35:12.344698,2026-01-12 23:35:43.612247,0 days 00:00:31.267549,2.6327252407899726,10.609756768309706,5.881862036509633,COMPLETE
303,0.0,2026-01-12 23:35:43.612553,2026-01-12 23:35:43.626361,0 days 00:00:00.013808,-2.5543568376133794,5.264082182441503,4.775540212171682,COMPLETE
304,2248661.982824125,2026-01-12 23:35:43.626361,2026-01-12 23:36:15.720427,0 days 00:00:32.094066,0.9290535783193359,13.118405664593206,5.532273005424603,COMPLETE
305,1826906.5438028695,2026-01-12 23:36:15.720427,2026-01-12 23:36:47.251934,0 days 00:00:31.531507,-1.1133216402852653,12.257681316345694,5.8173009064841015,COMPLETE
306,1095724.357265352,2026-01-12 23:36:47.253096,2026-01-12 23:37:17.786042,0 days 00:00:30.532946,1.5889209155331023,18.13597405000061,6.201900781788571,COMPLETE
307,0.0,2026-01-12 23:37:17.786042,2026-01-12 23:37:17.798162,0 days 00:00:00.012120,4.961117859831607,9.135004520980498,5.601043981051724,COMPLETE
308,1919747.289770143,2026-01-12 23:37:17.798162,2026-01-12 23:37:46.132796,0 days 00:00:28.334634,2.9151031143315067,13.152397217772842,5.146784704994346,COMPLETE
309,541461.1349700219,2026-01-12 23:37:46.132796,2026-01-12 23:38:16.138405,0 days 00:00:30.005609,-4.463356581486614,9.707570325672915,6.574004636761418,COMPLETE
310,307018.27543176454,2026-01-12 23:38:16.138405,2026-01-12 23:38:49.359970,0 days 00:00:33.221565,-2.3858427063183263,21.70332274515683,5.5431788701945885,COMPLETE
311,228243.98268487983,2026-01-12 23:38:49.360519,2026-01-12 23:39:20.542227,0 days 00:00:31.181708,-7.028682341163531,12.780884020718036,6.013939027091118,COMPLETE
312,312171.7716030766,2026-01-12 23:39:20.542227,2026-01-12 23:39:53.807186,0 days 00:00:33.264959,-0.5113657077305288,17.34242705510811,5.253309164707347,COMPLETE
313,1496949.5272838087,2026-01-12 23:39:53.807186,2026-01-12 23:40:25.471879,0 days 00:00:31.664693,0.8360016757121074,7.779250005359934,5.726631656834251,COMPLETE
314,1291601.8612199218,2026-01-12 23:40:25.471879,2026-01-12 23:40:55.688031,0 days 00:00:30.216152,2.1538781074491014,11.318374504970823,4.623328314115065,COMPLETE
315,1232137.6343181091,2026-01-12 23:40:55.688031,2026-01-12 23:41:27.765175,0 days 00:00:32.077144,-1.2054660047981796,14.480580324105295,4.9631527166042115,COMPLETE
316,229676.50777197248,2026-01-12 23:41:27.765175,2026-01-12 23:41:59.772025,0 days 00:00:32.006850,-3.4564135275843935,18.077936311563587,5.4772132244014,COMPLETE
317,796562.8606258446,2026-01-12 23:41:59.773025,2026-01-12 23:42:30.798003,0 days 00:00:31.024978,3.8547424984799763,13.209010189007241,6.268420025673115,COMPLETE
318,0.0,2026-01-12 23:42:30.798003,2026-01-12 23:42:30.811746,0 days 00:00:00.013743,1.1749434062394597,5.959067150215799,5.843343589437993,COMPLETE
319,1429002.23887709,2026-01-12 23:42:30.811746,2026-01-12 23:43:04.541002,0 days 00:00:33.729256,-0.5428847776799287,16.02607294297816,5.204991366398336,COMPLETE
320,832424.2764499816,2026-01-12 23:43:04.542002,2026-01-12 23:43:35.421693,0 days 00:00:30.879691,6.956597082976935,19.562837632833435,5.5457365389072,COMPLETE
321,869307.5139265477,2026-01-12 23:43:35.422694,2026-01-12 23:44:08.481556,0 days 00:00:33.058862,2.678131763841626,9.965921242784717,4.385111831467294,COMPLETE
322,1578455.8389609968,2026-01-12 23:44:08.482556,2026-01-12 23:44:42.230876,0 days 00:00:33.748320,-1.6427876747841892,11.562955956350857,6.020239024471085,COMPLETE
323,1233983.2427368925,2026-01-12 23:44:42.230876,2026-01-12 23:45:14.982732,0 days 00:00:32.751856,0.5784793640477743,14.742890858097926,4.980529979245291,COMPLETE
324,1914379.1831185056,2026-01-12 23:45:14.982732,2026-01-12 23:45:43.648312,0 days 00:00:28.665580,-2.746696101615646,8.67997503657225,5.396793898149837,COMPLETE
325,209795.91152048443,2026-01-12 23:45:43.649310,2026-01-12 23:46:14.225144,0 days 00:00:30.575834,-5.170193965267078,16.79598941276244,6.4100555561736074,COMPLETE
326,858820.8484458139,2026-01-12 23:46:14.225144,2026-01-12 23:46:43.309572,0 days 00:00:29.084428,5.35578684374481,13.225818195840128,5.8521432312488315,COMPLETE
327,2121388.702847045,2026-01-12 23:46:43.310572,2026-01-12 23:47:12.625131,0 days 00:00:29.314559,1.1215237456429126,10.973910271442293,5.244780250501332,COMPLETE
328,232097.50152901784,2026-01-12 23:47:12.633509,2026-01-12 23:47:42.306978,0 days 00:00:29.673469,-0.4807937638193936,19.466833608342217,5.594447356501858,COMPLETE
329,0.0,2026-01-12 23:47:42.306978,2026-01-12 23:47:42.322978,0 days 00:00:00.016000,2.578774075521649,4.632500773147019,4.818461889992105,COMPLETE
330,843854.883985115,2026-01-12 23:47:42.322978,2026-01-12 23:48:08.927303,0 days 00:00:26.604325,4.562941663497387,15.610407347956954,6.1622200258554,COMPLETE
331,924826.8759335021,2026-01-12 23:48:08.927607,2026-01-12 23:48:36.731466,0 days 00:00:27.803859,-2.042968576968999,7.320106223906288,5.757077714404976,COMPLETE
332,1598427.4897324461,2026-01-12 23:48:36.731466,2026-01-12 23:49:08.953805,0 days 00:00:32.222339,0.14686109962842364,13.595998775914225,5.22108815632486,COMPLETE
333,0.0,2026-01-12 23:49:08.954808,2026-01-12 23:49:08.969353,0 days 00:00:00.014545,12.765442534135966,10.747092322916405,5.510879218098833,COMPLETE
334,0.0,2026-01-12 23:49:08.969353,2026-01-12 23:49:08.981355,0 days 00:00:00.012002,3.4995675242816344,23.06522232567162,6.7159441974472145,COMPLETE
335,1793991.5378718406,2026-01-12 23:49:08.982355,2026-01-12 23:49:42.013642,0 days 00:00:33.031287,1.151612112171303,17.86899654981165,6.000645636337567,COMPLETE
336,465125.76233916974,2026-01-12 23:49:42.013642,2026-01-12 23:50:11.940408,0 days 00:00:29.926766,-3.130185441112869,13.245533303192857,5.098497654504888,COMPLETE
337,558863.5115883807,2026-01-12 23:50:11.940408,2026-01-12 23:50:38.828144,0 days 00:00:26.887736,-1.0646052069183416,8.835265411299321,5.723228857526432,COMPLETE
338,2180741.388377727,2026-01-12 23:50:38.828144,2026-01-12 23:51:13.227419,0 days 00:00:34.399275,1.8089873599360282,16.336071511900265,5.412925109137851,COMPLETE
339,498018.8712404982,2026-01-12 23:51:13.228388,2026-01-12 23:51:42.625222,0 days 00:00:29.396834,-4.504009442161186,11.77068092640254,4.754192962301702,COMPLETE
340,236569.98141166283,2026-01-12 23:51:42.626222,2026-01-12 23:52:13.989477,0 days 00:00:31.363255,-0.2520459826597121,20.69090561737614,6.046245646871521,COMPLETE
341,2078588.395127174,2026-01-12 23:52:13.989477,2026-01-12 23:52:45.594568,0 days 00:00:31.605091,2.8302822308500315,14.861080426226803,5.636593155252384,COMPLETE
342,624297.6483275942,2026-01-12 23:52:45.594568,2026-01-12 23:53:15.386669,0 days 00:00:29.792101,-2.0058804792483844,9.595112762809714,5.069454877534502,COMPLETE
343,936481.3915793177,2026-01-12 23:53:15.402433,2026-01-12 23:53:49.026369,0 days 00:00:33.623936,0.8219509796814215,13.464916209463748,6.380496777447216,COMPLETE
344,218406.34625041927,2026-01-12 23:53:49.026369,2026-01-12 23:54:20.007114,0 days 00:00:30.980745,-3.471433451606514,17.86768392393453,5.378853503267737,COMPLETE
345,1714764.1225207613,2026-01-12 23:54:20.007114,2026-01-12 23:54:50.662080,0 days 00:00:30.654966,-1.0360832402128137,11.626204351317284,5.856327455891326,COMPLETE
346,0.0,2026-01-12 23:54:50.662080,2026-01-12 23:54:50.675565,0 days 00:00:00.013485,6.339542830035281,6.667545001229842,5.393484284646017,COMPLETE
347,1026180.9261275283,2026-01-12 23:54:50.675565,2026-01-12 23:55:17.990422,0 days 00:00:27.314857,3.674171113816106,15.461370050329238,4.473404802713906,COMPLETE
348,1209235.6940965573,2026-01-12 23:55:17.990422,2026-01-12 23:55:48.133497,0 days 00:00:30.143075,0.8075549309852961,9.564389763365073,4.885321823417345,COMPLETE
349,2075571.4950042868,2026-01-12 23:55:48.133497,2026-01-12 23:56:21.783328,0 days 00:00:33.649831,2.35000968187516,13.447588893148447,5.7825425999360665,COMPLETE
350,334279.5615381021,2026-01-12 23:56:21.783328,2026-01-12 23:56:52.124934,0 days 00:00:30.341606,-2.1743979529184654,17.495806784005236,6.731156394345101,COMPLETE
351,1226882.592490954,2026-01-12 23:56:52.125301,2026-01-12 23:57:22.968552,0 days 00:00:30.843251,-0.5860625440507201,11.451217758716306,6.123966591833698,COMPLETE
352,1867310.1336799983,2026-01-12 23:57:22.969297,2026-01-12 23:57:50.345451,0 days 00:00:27.376154,4.565855999053394,15.243830260622635,5.576617147747416,COMPLETE
353,0.0,2026-01-12 23:57:50.345451,2026-01-12 23:57:50.362645,0 days 00:00:00.017194,-5.6779102680870395,4.03969152426532,5.135343091673611,COMPLETE
354,0.0,2026-01-12 23:57:50.364265,2026-01-12 23:57:50.372501,0 days 00:00:00.008236,1.5721764510457843,20.486823316410476,5.361501154254572,COMPLETE
355,198232.26641959287,2026-01-12 23:57:50.372501,2026-01-12 23:58:19.786419,0 days 00:00:29.413918,-3.6336292168665643,12.420450773517508,5.849764928473029,COMPLETE
356,1271857.7655559084,2026-01-12 23:58:19.787600,2026-01-12 23:58:52.440365,0 days 00:00:32.652765,0.176610926524027,7.9912568739096965,6.1789739083517174,COMPLETE
357,308667.1197947776,2026-01-12 23:58:52.441202,2026-01-12 23:59:21.528411,0 days 00:00:29.087209,-1.7089722558115663,15.696548379111364,5.580873386241953,COMPLETE
358,1510488.87958834,2026-01-12 23:59:21.528411,2026-01-12 23:59:52.591828,0 days 00:00:31.063417,2.4392081695777312,10.536211947279767,4.977499429315996,COMPLETE
359,0.0,2026-01-12 23:59:52.592993,2026-01-12 23:59:52.592993,0 days 00:00:00,0.030581063127006702,18.40048115251966,5.236618480098242,COMPLETE
360,794737.1077171123,2026-01-12 23:59:52.592993,2026-01-13 00:00:22.129583,0 days 00:00:29.536590,3.992784317554804,14.18758413471292,6.429924906086122,COMPLETE
361,0.0,2026-01-13 00:00:22.129583,2026-01-13 00:00:22.143671,0 days 00:00:00.014088,1.6004875837010384,6.96127442835634,5.888296417643559,COMPLETE
362,704612.6369791549,2026-01-13 00:00:22.144729,2026-01-13 00:00:56.470857,0 days 00:00:34.326128,-1.6327046973256687,12.754380192317733,4.596889002062565,COMPLETE
363,0.0,2026-01-13 00:00:56.471559,2026-01-13 00:00:56.485830,0 days 00:00:00.014271,8.626487000381648,9.804684991386136,5.584002275465816,COMPLETE
364,221433.75101125095,2026-01-13 00:00:56.485830,2026-01-13 00:01:27.102934,0 days 00:00:30.617104,-4.236688860060022,16.618592503464054,5.3364731442238345,COMPLETE
365,1344586.4329797428,2026-01-13 00:01:27.102934,2026-01-13 00:01:55.663620,0 days 00:00:28.560686,5.856729041051356,14.230377031764869,6.077243686048017,COMPLETE
366,173539.68712085666,2026-01-13 00:01:55.663620,2026-01-13 00:02:28.023959,0 days 00:00:32.360339,-0.091338299656479,21.350118735678286,4.943080490487263,COMPLETE
367,2128334.728441838,2026-01-13 00:02:28.024960,2026-01-13 00:02:59.617318,0 days 00:00:31.592358,2.923382578637569,11.74604930227941,5.748298958576613,COMPLETE
368,215054.85088174697,2026-01-13 00:02:59.617318,2026-01-13 00:03:29.736348,0 days 00:00:30.119030,-2.739448316185523,18.37044786528754,5.214644985141671,COMPLETE
369,1516693.6272137833,2026-01-13 00:03:29.736348,2026-01-13 00:04:01.145417,0 days 00:00:31.409069,1.6692517468661419,8.459376845242868,5.480290241443154,COMPLETE
370,2407535.3450670857,2026-01-13 00:04:01.146539,2026-01-13 00:04:34.749664,0 days 00:00:33.603125,-0.8639698820873327,16.01673667468663,5.889568334302603,COMPLETE
371,1331408.0177195417,2026-01-13 00:04:34.749664,2026-01-13 00:05:07.088880,0 days 00:00:32.339216,-0.6670376946986719,16.289041593100578,6.415502999160026,COMPLETE
372,196099.58056141488,2026-01-13 00:05:07.088880,2026-01-13 00:05:37.137420,0 days 00:00:30.048540,-6.312225104915313,14.159170812424584,5.964533069374507,COMPLETE
373,250044.1859718803,2026-01-13 00:05:37.137420,2026-01-13 00:06:05.355393,0 days 00:00:28.217973,-2.179670026865638,18.800240102557513,5.717011679481721,COMPLETE
374,262238.38375382824,2026-01-13 00:06:05.355393,2026-01-13 00:06:37.325182,0 days 00:00:31.969789,-4.183413748771557,16.18139759933791,6.240380487617044,COMPLETE
375,0.0,2026-01-13 00:06:37.325182,2026-01-13 00:06:37.338848,0 days 00:00:00.013666,-10.75674870128196,22.354168743892018,5.921016975440801,COMPLETE
376,2857378.200356828,2026-01-13 00:06:37.338848,2026-01-13 00:07:11.166122,0 days 00:00:33.827274,-0.44158497791473383,13.18473705276137,5.584089226133175,COMPLETE
377,435753.0208046865,2026-01-13 00:07:11.166122,2026-01-13 00:07:40.522504,0 days 00:00:29.356382,-1.4673386606247771,19.809015941004322,5.7332425230110955,COMPLETE
378,1261699.407045995,2026-01-13 00:07:40.522504,2026-01-13 00:08:14.187909,0 days 00:00:33.665405,0.02981460294625493,11.155538324447406,6.162079425458028,COMPLETE
379,218835.67274271743,2026-01-13 00:08:14.188911,2026-01-13 00:08:43.696707,0 days 00:00:29.507796,-3.05828889106522,14.23212450993808,5.5399710405629845,COMPLETE
380,278854.6351790679,2026-01-13 00:08:43.697707,2026-01-13 00:09:13.678491,0 days 00:00:29.980784,-1.083711099551075,16.987998492195665,5.119160812891959,COMPLETE
381,1112319.234420726,2026-01-13 00:09:13.678491,2026-01-13 00:09:34.038988,0 days 00:00:20.360497,-7.5622567350328875,9.085674500090983,6.548261430241899,COMPLETE
382,0.0,2026-01-13 00:09:34.038988,2026-01-13 00:09:34.052780,0 days 00:00:00.013792,0.5319726981434973,5.674002846727923,6.797155167385788,COMPLETE
383,1866720.337209507,2026-01-13 00:09:34.053707,2026-01-13 00:10:05.025825,0 days 00:00:30.972118,-2.497569898688663,12.767947134201508,5.936623797880821,COMPLETE
384,287427.526713986,2026-01-13 00:10:05.025825,2026-01-13 00:10:36.162675,0 days 00:00:31.136850,-5.26042283896178,15.325855287246458,5.635640554072766,COMPLETE
385,0.0,2026-01-13 00:10:36.163675,2026-01-13 00:10:36.177740,0 days 00:00:00.014065,0.7327592927967813,25.346971807391043,6.197646710225248,COMPLETE
386,1965287.5284047187,2026-01-13 00:10:36.177740,2026-01-13 00:11:08.710202,0 days 00:00:32.532462,-0.6502290583249555,10.781160793907375,5.485319603538484,COMPLETE
387,233949.62703977636,2026-01-13 00:11:08.710202,2026-01-13 00:11:41.187785,0 days 00:00:32.477583,-3.678447489102838,19.154540041530378,4.751339670694186,COMPLETE
388,1773320.6359651403,2026-01-13 00:11:41.188785,2026-01-13 00:12:12.622588,0 days 00:00:31.433803,-1.8456634393299283,13.695744134887832,5.1218059501282935,COMPLETE
389,2246119.9195750323,2026-01-13 00:12:12.622588,2026-01-13 00:12:45.211880,0 days 00:00:32.589292,1.0377608470445705,17.1718667833638,5.85725496885631,COMPLETE
390,1678467.2785433491,2026-01-13 00:12:45.211880,2026-01-13 00:13:14.050966,0 days 00:00:28.839086,4.1345885458740685,17.122422687243876,5.97500848108745,COMPLETE
391,0.0,2026-01-13 00:13:14.050966,2026-01-13 00:13:14.066365,0 days 00:00:00.015399,1.2461382594546917,21.406244812900837,6.40514079464807,COMPLETE
392,1233492.6038699336,2026-01-13 00:13:14.066365,2026-01-13 00:13:49.245801,0 days 00:00:35.179436,2.9692156065831696,17.417411760428482,5.310089716989383,COMPLETE
393,2264062.4638326224,2026-01-13 00:13:49.246806,2026-01-13 00:14:24.577692,0 days 00:00:35.330886,1.1102342422531126,14.855815873394732,5.7906137698033175,COMPLETE
394,1245362.4357006047,2026-01-13 00:14:24.577692,2026-01-13 00:14:59.346095,0 days 00:00:34.768403,-0.7394911754429387,14.687358141740068,4.9445102724521375,COMPLETE
395,2491376.5880019655,2026-01-13 00:14:59.346095,2026-01-13 00:15:29.895691,0 days 00:00:30.549596,2.3520025761735672,12.926874845529445,5.572987242191097,COMPLETE
396,0.0,2026-01-13 00:15:29.896869,2026-01-13 00:15:29.910559,0 days 00:00:00.013690,5.049873521054542,8.583549589850193,9.09361115889618,COMPLETE
397,1374508.1440007116,2026-01-13 00:15:29.911561,2026-01-13 00:15:55.930158,0 days 00:00:26.018597,3.1559811404483593,14.87755652522418,6.097721789793758,COMPLETE
398,2256663.1096979496,2026-01-13 00:15:55.930158,2026-01-13 00:16:27.246159,0 days 00:00:31.316001,1.935441812922882,11.49246305029596,5.690604158710839,COMPLETE
399,219220.49139803505,2026-01-13 00:16:27.246159,2026-01-13 00:16:59.295495,0 days 00:00:32.049336,-2.920166179292454,19.27100492895908,5.296192976624415,COMPLETE
400,2254277.9537625606,2026-01-13 00:16:59.295495,2026-01-13 00:17:31.787850,0 days 00:00:32.492355,-0.03879832069625638,15.227717007913094,5.812869503651064,COMPLETE
401,2022945.5952559586,2026-01-13 00:17:31.787850,2026-01-13 00:18:00.514723,0 days 00:00:28.726873,4.002171588443761,12.509649916148506,5.446857224563832,COMPLETE
402,0.0,2026-01-13 00:18:00.516131,2026-01-13 00:18:00.530823,0 days 00:00:00.014692,-4.444550602594569,3.3199557269766506,4.843865691164309,COMPLETE
403,1018240.2774294128,2026-01-13 00:18:00.530823,2026-01-13 00:18:30.945964,0 days 00:00:30.415141,-1.64064725598204,9.211231991217346,6.297054045621891,COMPLETE
404,0.0,2026-01-13 00:18:30.945964,2026-01-13 00:18:30.963427,0 days 00:00:00.017463,2.037049915137935,6.889651127575974,5.162429932630998,COMPLETE
405,1100751.3724463475,2026-01-13 00:18:30.963427,2026-01-13 00:19:02.920250,0 days 00:00:31.956823,0.7605252342686177,16.213395844493967,4.4517999563050825,COMPLETE
406,336088.8451381209,2026-01-13 00:19:02.920250,2026-01-13 00:19:35.563264,0 days 00:00:32.643014,-1.2685880314563165,23.275124909342665,5.645517915568717,COMPLETE
407,985113.7355558834,2026-01-13 00:19:35.563264,2026-01-13 00:20:05.118335,0 days 00:00:29.555071,6.465254614493906,12.687289088214138,6.027892780772603,COMPLETE
408,0.0,2026-01-13 00:20:05.118637,2026-01-13 00:20:05.133748,0 days 00:00:00.015111,3.0474019911647443,20.043275493230514,5.460377371845242,COMPLETE
409,448838.8120358658,2026-01-13 00:20:05.133748,2026-01-13 00:20:35.561181,0 days 00:00:30.427433,-2.666847501173842,10.707378005103262,6.96904774014039,COMPLETE
410,2132744.666240135,2026-01-13 00:20:35.561181,2026-01-13 00:21:05.351481,0 days 00:00:29.790300,0.1886724904033475,14.570604829543537,5.820709412402739,COMPLETE
411,1089046.2687458985,2026-01-13 00:21:05.351939,2026-01-13 00:21:38.156855,0 days 00:00:32.804916,4.862146516138515,18.089659918639768,5.17839129062053,COMPLETE
