number,value,datetime_start,datetime_complete,duration,params_mirror_pos_x,params_mirror_pos_y,params_param_swing_speed,state
290,0.0,2026-01-12 20:33:48.312988,2026-01-12 20:33:48.323989,0 days 00:00:00.011001,31.710244596161065,92.08357226223741,10.150280690143521,COMPLETE
291,0.0,2026-01-12 20:33:48.323989,2026-01-12 20:33:48.339977,0 days 00:00:00.015988,48.71880035905797,84.61739380733601,6.275041676862009,COMPLETE
292,0.0,2026-01-12 20:33:48.339977,2026-01-12 20:33:48.350330,0 days 00:00:00.010353,24.084188471440633,77.57569936742672,11.89822925053158,COMPLETE
293,0.0,2026-01-12 20:33:48.351338,2026-01-12 20:33:48.361578,0 days 00:00:00.010240,-15.724868754849785,39.22483368698756,1.55685492281377,COMPLETE
294,0.0,2026-01-12 20:33:48.361578,2026-01-12 20:33:48.372108,0 days 00:00:00.010530,-10.962606626216495,105.52995940300585,9.822137698407753,COMPLETE
295,0.0,2026-01-12 20:33:48.372108,2026-01-12 20:33:48.381753,0 days 00:00:00.009645,45.106400940848246,50.17483374800036,10.860467755103759,COMPLETE
296,0.0,2026-01-12 20:33:48.382760,2026-01-12 20:33:48.398352,0 days 00:00:00.015592,59.36518774731851,43.76114412368214,1.9426186476844136,COMPLETE
297,0.0,2026-01-12 20:33:48.398352,2026-01-12 20:33:48.409517,0 days 00:00:00.011165,4.452544266549259,101.21110267732023,5.229187389475569,COMPLETE
298,0.0,2026-01-12 20:33:48.409517,2026-01-12 20:33:48.425264,0 days 00:00:00.015747,35.85809699304887,59.45524692173995,0.940196119838927,COMPLETE
299,0.0,2026-01-12 20:33:48.425264,2026-01-12 20:33:48.436459,0 days 00:00:00.011195,25.137484238742747,54.15653582473352,3.6814264613845498,COMPLETE
