number,value,datetime_start,datetime_complete,duration,params_mirror_pos_x,params_mirror_pos_y,params_param_swing_speed,state
412,1611158.5704554217,2026-01-13 00:21:38.157855,2026-01-13 00:22:08.986007,0 days 00:00:30.828152,2.214032448976628,12.608014171677283,6.059688112961753,COMPLETE
413,0.0,2026-01-13 00:22:08.986007,2026-01-13 00:22:09.001016,0 days 00:00:00.015009,17.773261219427283,8.84028941097461,5.562859612045978,COMPLETE
414,1350203.5310056163,2026-01-13 00:22:09.001016,2026-01-13 00:22:44.101427,0 days 00:00:35.100411,-0.3769369019133708,16.35745092938731,4.867719141687696,COMPLETE
415,559263.3636463478,2026-01-13 00:22:44.101427,2026-01-13 00:23:13.546645,0 days 00:00:29.445218,-3.767784450630551,11.178673781273389,5.2240252435950705,COMPLETE
416,0.0,2026-01-13 00:23:13.546645,2026-01-13 00:23:13.560886,0 days 00:00:00.014241,1.4713544631799274,5.938406663580823,6.360002130232843,COMPLETE
417,2604071.1081080376,2026-01-13 00:23:13.561888,2026-01-13 00:23:44.762698,0 days 00:00:31.200810,-1.7931133184576344,14.531612902328824,5.762750881452524,COMPLETE
418,341242.0035149475,2026-01-13 00:23:44.762698,2026-01-13 00:24:14.819404,0 days 00:00:30.056706,-5.495320312418245,19.688273385060597,6.738655407903275,COMPLETE
419,377423.080651654,2026-01-13 00:24:14.819404,2026-01-13 00:24:43.382323,0 days 00:00:28.562919,-1.9399847827379875,15.655872762313964,5.767865521970309,COMPLETE
420,274175.59143520513,2026-01-13 00:24:43.382607,2026-01-13 00:25:11.720436,0 days 00:00:28.337829,-3.1854541656379,14.391982457271824,6.127285806244544,COMPLETE
421,180569.9627815351,2026-01-13 00:25:11.720436,2026-01-13 00:25:45.269517,0 days 00:00:33.549081,-1.5555148991820462,17.712627895899587,6.526510394748994,COMPLETE
422,152626.27298934894,2026-01-13 00:25:45.269517,2026-01-13 00:26:09.218649,0 days 00:00:23.949132,-4.9072592310006575,13.515626632337623,5.811632325055509,COMPLETE
423,0.0,2026-01-13 00:26:09.218649,2026-01-13 00:26:09.227790,0 days 00:00:00.009141,3.3252288291610483,21.41696523940717,5.455589071110338,COMPLETE
424,1919762.019740154,2026-01-13 00:26:09.227790,2026-01-13 00:26:41.231230,0 days 00:00:32.003440,0.6871519496383243,15.77555232888238,5.948282873370121,COMPLETE
425,908712.1748852085,2026-01-13 00:26:41.231230,2026-01-13 00:27:11.973115,0 days 00:00:30.741885,-0.9526333074445009,9.92218827497642,5.083307159005481,COMPLETE
426,200984.36268243834,2026-01-13 00:27:11.973115,2026-01-13 00:27:40.737112,0 days 00:00:28.763997,-2.4096766606883566,18.055489056118667,5.621193768872002,COMPLETE
427,1084498.0966592475,2026-01-13 00:27:40.737112,2026-01-13 00:28:13.643628,0 days 00:00:32.906516,2.060769749619326,13.027183692380653,6.305378817672744,COMPLETE
428,793183.3814693533,2026-01-13 00:28:13.643628,2026-01-13 00:28:41.730541,0 days 00:00:28.086913,4.735386622212708,15.31737781419666,4.664377686025274,COMPLETE
429,345136.5437386341,2026-01-13 00:28:41.730541,2026-01-13 00:29:08.423742,0 days 00:00:26.693201,-6.787434595540084,10.525191575487117,5.344480222533026,COMPLETE
430,1747467.0350799288,2026-01-13 00:29:08.423742,2026-01-13 00:29:39.670690,0 days 00:00:31.246948,-0.10715391779121752,13.462959385376818,5.929769227610352,COMPLETE
431,2263507.4665148747,2026-01-13 00:29:39.670690,2026-01-13 00:30:12.890488,0 days 00:00:33.219798,-3.899590204721899,8.124546761570064,5.653105174467736,COMPLETE
432,1040383.4288014424,2026-01-13 00:30:12.890966,2026-01-13 00:30:40.544994,0 days 00:00:27.654028,7.154945991477614,17.52414813926355,5.066543778585175,COMPLETE
433,1553154.1699444721,2026-01-13 00:30:40.544994,2026-01-13 00:31:11.295932,0 days 00:00:30.750938,1.1749015501073907,12.11270005340826,6.073325397820024,COMPLETE
434,192699.35635720746,2026-01-13 00:31:11.295932,2026-01-13 00:31:44.020264,0 days 00:00:32.724332,-0.5916292705379901,19.860135144800562,5.395372818154886,COMPLETE
435,2216980.540301044,2026-01-13 00:31:44.020264,2026-01-13 00:32:09.530005,0 days 00:00:25.509741,3.281507242915746,15.180921539969031,5.585321933107831,COMPLETE
436,706348.026722831,2026-01-13 00:32:09.530005,2026-01-13 00:32:37.873444,0 days 00:00:28.343439,-2.110935805853251,9.577394291968401,5.815504524673291,COMPLETE
437,286043.1522578565,2026-01-13 00:32:37.873444,2026-01-13 00:33:06.330535,0 days 00:00:28.457091,0.9488650955152277,46.21900020664494,7.273477384461103,COMPLETE
438,1161308.239021133,2026-01-13 00:33:06.331539,2026-01-13 00:33:42.222683,0 days 00:00:35.891144,-1.0870754288556894,13.271876721081727,6.210120651328855,COMPLETE
439,1619644.5673663367,2026-01-13 00:33:42.222683,2026-01-13 00:34:13.373480,0 days 00:00:31.150797,2.318870333591905,16.449605925600963,4.912830712530077,COMPLETE
440,725622.785566717,2026-01-13 00:34:13.373480,2026-01-13 00:34:40.569557,0 days 00:00:27.196077,-3.0099297771673292,6.559579268902327,6.580833648823245,COMPLETE
441,0.0,2026-01-13 00:34:40.569557,2026-01-13 00:34:40.584717,0 days 00:00:00.015160,3.9062884410349517,22.32521137687362,5.256206376870831,COMPLETE
442,0.0,2026-01-13 00:34:40.585718,2026-01-13 00:34:40.599234,0 days 00:00:00.013516,9.249965498584348,10.874121136102925,5.719758625818757,COMPLETE
443,0.0,2026-01-13 00:34:40.599234,2026-01-13 00:34:40.611420,0 days 00:00:00.012186,0.44218593866761713,18.723328836339483,5.398953304637984,COMPLETE
444,481936.528843791,2026-01-13 00:34:40.611420,2026-01-13 00:35:09.515151,0 days 00:00:28.903731,5.679386762914977,14.561627881930816,4.145690104144019,COMPLETE
445,120656.94247094964,2026-01-13 00:35:09.515151,2026-01-13 00:35:38.456683,0 days 00:00:28.941532,-5.311485951824684,12.475137613147336,5.9180732043086115,COMPLETE
446,271367.6390997028,2026-01-13 00:35:38.456683,2026-01-13 00:36:09.751013,0 days 00:00:31.294330,-1.5225906992683762,17.31983285252674,5.143762059433358,COMPLETE
447,1851687.4751706524,2026-01-13 00:36:09.751013,2026-01-13 00:36:41.734925,0 days 00:00:31.983912,1.4675731847269067,8.585717188286228,5.598021921376048,COMPLETE
448,2704468.9967011963,2026-01-13 00:36:41.734925,2026-01-13 00:37:10.071192,0 days 00:00:28.336267,-3.3764894293126053,11.50169450643125,6.262394275193496,COMPLETE
449,0.0,2026-01-13 00:37:10.072194,2026-01-13 00:37:10.086595,0 days 00:00:00.014401,-4.346960984988126,4.2512762887306295,6.289334632598414,COMPLETE
450,895328.3569228377,2026-01-13 00:37:10.086595,2026-01-13 00:37:37.699240,0 days 00:00:27.612645,-5.9579783740887065,10.392108719219124,10.44274669321494,COMPLETE
451,704645.1537287929,2026-01-13 00:37:37.699240,2026-01-13 00:38:03.812753,0 days 00:00:26.113513,-3.3037086499996278,7.649116394470509,6.118192146737918,COMPLETE
452,323243.7425621924,2026-01-13 00:38:03.813755,2026-01-13 00:38:34.643151,0 days 00:00:30.829396,-2.9195194420455244,11.812561803433608,5.40789150320616,COMPLETE
453,1166767.3603856338,2026-01-13 00:38:34.643151,2026-01-13 00:39:07.369207,0 days 00:00:32.726056,-0.7577861415027547,13.402572537470862,4.609352703672699,COMPLETE
454,418650.3634643217,2026-01-13 00:39:07.370413,2026-01-13 00:39:35.642411,0 days 00:00:28.271998,-7.597029842095369,11.061393926624357,4.980639914605511,COMPLETE
455,566887.6238296644,2026-01-13 00:39:35.642411,2026-01-13 00:40:04.104363,0 days 00:00:28.461952,-9.190935690985592,16.278669859353833,6.463498140379675,COMPLETE
456,1575326.3432219126,2026-01-13 00:40:04.104363,2026-01-13 00:40:34.280181,0 days 00:00:30.175818,-2.2924765963340796,9.017868658347602,5.9662569399617595,COMPLETE
457,160325.54348865064,2026-01-13 00:40:34.281185,2026-01-13 00:41:04.287266,0 days 00:00:30.006081,-4.435778593510763,19.97320661670505,5.593742151846082,COMPLETE
458,0.0,2026-01-13 00:41:04.287266,2026-01-13 00:41:04.311871,0 days 00:00:00.024605,-0.5808282516668251,6.0981612654625765,5.246163054979362,COMPLETE
459,2316700.048394173,2026-01-13 00:41:04.311871,2026-01-13 00:41:37.420363,0 days 00:00:33.108492,-2.005126409441811,13.934797290293496,5.804310181896443,COMPLETE
460,817106.06534911,2026-01-13 00:41:37.420363,2026-01-13 00:42:05.907590,0 days 00:00:28.487227,-3.5759644532666304,12.827441943567603,6.918212054299249,COMPLETE
461,225908.23129216442,2026-01-13 00:42:05.908590,2026-01-13 00:42:35.784726,0 days 00:00:29.876136,-5.605359937622591,10.1874495892197,5.483087102020768,COMPLETE
462,1655699.927357868,2026-01-13 00:42:35.785409,2026-01-13 00:43:07.201023,0 days 00:00:31.415614,-2.1112047049464016,13.681711330056745,6.186151879776858,COMPLETE
463,0.0,2026-01-13 00:43:07.201023,2026-01-13 00:43:07.223208,0 days 00:00:00.022185,2.212368507208512,7.760718850174145,4.82787726586768,COMPLETE
464,2042257.6872066802,2026-01-13 00:43:07.223208,2026-01-13 00:43:41.187131,0 days 00:00:33.963923,-1.5199407633887894,11.761355639317086,5.739435714312119,COMPLETE
465,1679219.3281827178,2026-01-13 00:43:41.188010,2026-01-13 00:44:11.610595,0 days 00:00:30.422585,0.3032129861003553,14.915015754803544,5.112980766138795,COMPLETE
466,452483.6196383475,2026-01-13 00:44:11.626608,2026-01-13 00:44:45.274067,0 days 00:00:33.647459,11.07757623366416,17.706854691320174,5.931644679431927,COMPLETE
467,1796005.8619356942,2026-01-13 00:44:45.274510,2026-01-13 00:45:14.937150,0 days 00:00:29.662640,3.3691573592164468,9.885903781937468,5.412127956987441,COMPLETE
468,433116.86296816467,2026-01-13 00:45:14.937150,2026-01-13 00:45:43.414208,0 days 00:00:28.477058,-3.929708897440884,13.422394661344839,6.45334405260995,COMPLETE
469,0.0,2026-01-13 00:45:43.415214,2026-01-13 00:45:43.429990,0 days 00:00:00.014776,-1.7508111783966047,3.957292506700096,5.6273127495097475,COMPLETE
470,1297198.2285746867,2026-01-13 00:45:43.429990,2026-01-13 00:46:19.341818,0 days 00:00:35.911828,-0.1284263349892456,15.943612281121519,5.253585654105373,COMPLETE
471,1597957.4025881286,2026-01-13 00:46:19.342819,2026-01-13 00:46:52.794800,0 days 00:00:33.451981,1.4432624439205703,11.125374179874854,6.075256954878674,COMPLETE
472,391362.40306044085,2026-01-13 00:46:52.794800,2026-01-13 00:47:24.216171,0 days 00:00:31.421371,-2.9001897794624467,18.902930881768214,5.682734881025667,COMPLETE
473,219812.24881960833,2026-01-13 00:47:24.216171,2026-01-13 00:47:51.296728,0 days 00:00:27.080557,-6.766504041231498,14.316997727426916,4.930754192293301,COMPLETE
474,0.0,2026-01-13 00:47:51.297728,2026-01-13 00:47:51.312685,0 days 00:00:00.014957,4.656280817129957,23.661017356102594,10.833556092047656,COMPLETE
475,679783.9086531333,2026-01-13 00:47:51.312685,2026-01-13 00:48:22.663171,0 days 00:00:31.350486,-4.830346485146235,7.147138616824467,5.3756552049196555,COMPLETE
476,0.0,2026-01-13 00:48:22.670682,2026-01-13 00:48:22.672007,0 days 00:00:00.001325,2.5864657886647584,29.825082810316175,5.920137543446205,COMPLETE
477,620624.0551423552,2026-01-13 00:48:22.672007,2026-01-13 00:48:55.365244,0 days 00:00:32.693237,-0.4359861713688873,11.93325115265707,6.676354338541015,COMPLETE
478,453879.9350867957,2026-01-13 00:48:55.365244,2026-01-13 00:49:28.079312,0 days 00:00:32.714068,-1.991392776186189,17.028661199667205,6.238136715206625,COMPLETE
479,2614927.5656246147,2026-01-13 00:49:28.080187,2026-01-13 00:50:01.729757,0 days 00:00:33.649570,0.5061561984854888,14.225953945909785,5.690908183894404,COMPLETE
480,0.0,2026-01-13 00:50:01.730759,2026-01-13 00:50:01.746383,0 days 00:00:00.015624,0.2713383882669249,21.38502597309866,5.836809601818658,COMPLETE
481,302622.07320492336,2026-01-13 00:50:01.746383,2026-01-13 00:50:30.497199,0 days 00:00:28.750816,-3.0167927584619285,15.243055379320385,5.63256372899054,COMPLETE
482,359382.2412151049,2026-01-13 00:50:30.498509,2026-01-13 00:51:01.719397,0 days 00:00:31.220888,-1.1626606930510472,18.060940306996986,6.146738816424541,COMPLETE
483,1827294.4526393372,2026-01-13 00:51:01.720689,2026-01-13 00:51:31.751216,0 days 00:00:30.030527,0.6086044458059421,9.26846707175548,5.221378361875399,COMPLETE
484,174751.9817800224,2026-01-13 00:51:31.751216,2026-01-13 00:51:58.462762,0 days 00:00:26.711546,-4.207934560215733,13.246106051084984,5.868504598091086,COMPLETE
485,1152580.3547491888,2026-01-13 00:51:58.462762,2026-01-13 00:52:29.101174,0 days 00:00:30.638412,-1.6887950366158944,16.42987077962905,4.3520738149853715,COMPLETE
486,851837.22586792,2026-01-13 00:52:29.101174,2026-01-13 00:53:01.972557,0 days 00:00:32.871383,0.9500973502173737,13.59052104210117,6.4454653023526545,COMPLETE
487,195278.33354801015,2026-01-13 00:53:01.972557,2026-01-13 00:53:33.497194,0 days 00:00:31.524637,-0.6453986380858416,19.8790692120919,5.467910484074329,COMPLETE
488,1347212.8184735568,2026-01-13 00:53:33.497194,2026-01-13 00:54:03.244775,0 days 00:00:29.747581,2.01982854231473,10.65009356535772,4.804026231843839,COMPLETE
489,343018.27288079204,2026-01-13 00:54:03.244775,2026-01-13 00:54:32.428779,0 days 00:00:29.184004,-3.134408669192328,15.27913329724596,5.668974279425036,COMPLETE
490,0.0,2026-01-13 00:54:32.428779,2026-01-13 00:54:32.444473,0 days 00:00:00.015694,3.3806971373201113,8.485013919603464,5.143018563997993,COMPLETE
491,286566.07205311756,2026-01-13 00:54:32.444473,2026-01-13 00:55:00.450538,0 days 00:00:28.006065,-5.5587672767211656,12.017191405126544,5.992312662729703,COMPLETE
492,1312025.3951899966,2026-01-13 00:55:00.450538,2026-01-13 00:55:33.822461,0 days 00:00:33.371923,-0.31527936675722046,17.338795633564494,5.490445096992688,COMPLETE
493,1592527.7967950813,2026-01-13 00:55:33.823110,2026-01-13 00:56:04.729924,0 days 00:00:30.906814,-2.1192556038656827,14.032848521611978,6.174900643087785,COMPLETE
494,0.0,2026-01-13 00:56:04.729924,2026-01-13 00:56:04.745812,0 days 00:00:00.015888,1.388312600965639,6.359744908650545,5.74303266316132,COMPLETE
495,1942239.9742828293,2026-01-13 00:56:04.745812,2026-01-13 00:56:35.632720,0 days 00:00:30.886908,-1.1816038711481913,11.45425845832031,5.118575169675603,COMPLETE
496,264817.2538790613,2026-01-13 00:56:35.632720,2026-01-13 00:57:04.568157,0 days 00:00:28.935437,-3.597633053442925,15.936068839782717,5.43164088949532,COMPLETE
497,0.0,2026-01-13 00:57:04.568157,2026-01-13 00:57:04.583807,0 days 00:00:00.015650,0.965238693912762,19.031254526328098,4.676516160450252,COMPLETE
498,1637659.1501877948,2026-01-13 00:57:04.583807,2026-01-13 00:57:34.791414,0 days 00:00:30.207607,3.0326579782678396,9.885628771938098,5.978383878404832,COMPLETE
499,993298.1115405186,2026-01-13 00:57:34.792437,2026-01-13 00:58:02.203426,0 days 00:00:27.410989,5.611016164570344,14.72298521242679,6.358347877723398,COMPLETE
500,164925.35551183537,2026-01-13 00:58:02.204429,2026-01-13 00:58:33.790488,0 days 00:00:31.586059,0.23220910628459013,26.774628887550552,5.664589797395053,COMPLETE
501,3295091.163945235,2026-01-13 00:58:33.790488,2026-01-13 00:59:05.686067,0 days 00:00:31.895579,-2.0394031269115374,13.26478288447395,5.300110221742547,COMPLETE
502,452700.1058398287,2026-01-13 00:59:05.686547,2026-01-13 00:59:37.599204,0 days 00:00:31.912657,-8.00547438451942,17.59078673992194,4.953950569211102,COMPLETE
503,209312.24982912364,2026-01-13 00:59:37.599894,2026-01-13 01:00:07.695412,0 days 00:00:30.095518,-5.4938318920608475,21.255072023182475,5.2429359592839555,COMPLETE
504,885559.1360209085,2026-01-13 01:00:07.696225,2026-01-13 01:00:29.997809,0 days 00:00:22.301584,-4.159061817919433,13.50892663712427,4.533216534670239,COMPLETE
505,261616.9335726874,2026-01-13 01:00:29.998809,2026-01-13 01:01:03.608195,0 days 00:00:33.609386,-2.202843172401667,16.153766111474365,5.339995275568611,COMPLETE
506,1768036.2306745907,2026-01-13 01:01:03.608195,2026-01-13 01:01:35.551914,0 days 00:00:31.943719,-2.279469632165921,12.913257071402922,5.096535399540834,COMPLETE
507,521812.32559123455,2026-01-13 01:01:35.551914,2026-01-13 01:02:07.126940,0 days 00:00:31.575026,-1.0498911704398077,24.073565917654648,8.6605086282971,COMPLETE
508,803462.3647970596,2026-01-13 01:02:07.126940,2026-01-13 01:02:39.578650,0 days 00:00:32.451710,-3.1480328602464565,9.030110363523093,5.865246205716618,COMPLETE
509,221152.53864438282,2026-01-13 01:02:39.578650,2026-01-13 01:03:11.304611,0 days 00:00:31.725961,-4.835862589691487,14.951846718215547,5.612533959686247,COMPLETE
510,252972.18867984766,2026-01-13 01:03:11.305611,2026-01-13 01:03:40.280006,0 days 00:00:28.974395,-6.495275644943572,19.02528518556854,6.119341275956056,COMPLETE
511,540312.1933410133,2026-01-13 01:03:40.280006,2026-01-13 01:04:12.230006,0 days 00:00:31.950000,-0.7135891228458847,11.543599917168846,4.842815421040328,COMPLETE
512,518296.46654681675,2026-01-13 01:04:12.230006,2026-01-13 01:04:47.533306,0 days 00:00:35.303300,1.871213568627497,16.79781433389833,6.707477360132465,COMPLETE
513,1907793.5365793256,2026-01-13 01:04:47.533306,2026-01-13 01:05:22.079600,0 days 00:00:34.546294,-1.811467750095078,14.06023015017881,8.028473403920989,COMPLETE
514,0.0,2026-01-13 01:05:22.080600,2026-01-13 01:05:22.096102,0 days 00:00:00.015502,-3.7183206274028624,5.492923788830232,5.366043744328599,COMPLETE
515,1900711.8729043016,2026-01-13 01:05:22.096102,2026-01-13 01:05:50.575924,0 days 00:00:28.479822,0.0123520206735801,9.801773710546188,5.768802629065806,COMPLETE
516,0.0,2026-01-13 01:05:50.575924,2026-01-13 01:05:50.591745,0 days 00:00:00.015821,35.52987462967081,20.901304059397788,5.042657202109651,COMPLETE
517,0.0,2026-01-13 01:05:50.592742,2026-01-13 01:05:50.605740,0 days 00:00:00.012998,-10.573215632354426,2.3875807431960485,5.490300757626386,COMPLETE
518,1159054.566511333,2026-01-13 01:05:50.605740,2026-01-13 01:06:20.964327,0 days 00:00:30.358587,4.608870538648789,12.217090208700029,6.059581753597233,COMPLETE
519,762735.4870325541,2026-01-13 01:06:20.964327,2026-01-13 01:06:55.901822,0 days 00:00:34.937495,1.869593709577687,16.85834395606688,6.402228447552751,COMPLETE
520,205792.27689765568,2026-01-13 01:06:55.901822,2026-01-13 01:07:24.417719,0 days 00:00:28.515897,-2.498661084677892,14.45822914799988,5.277256679300231,COMPLETE
521,345829.4409519816,2026-01-13 01:07:24.418448,2026-01-13 01:07:58.405751,0 days 00:00:33.987303,-0.21789654010105242,18.678936351570673,5.800530405120135,COMPLETE
522,0.0,2026-01-13 01:07:58.405751,2026-01-13 01:07:58.421620,0 days 00:00:00.015869,3.412028664717451,7.292291726539951,7.3443046536630945,COMPLETE
523,2219031.5017611473,2026-01-13 01:07:58.421620,2026-01-13 01:08:29.391928,0 days 00:00:30.970308,-1.1488083619387528,11.836158242489894,5.50853485159833,COMPLETE
524,1608697.7851959432,2026-01-13 01:08:29.392928,2026-01-13 01:08:58.202362,0 days 00:00:28.809434,1.1369781098644962,9.667704899000093,5.986668047990327,COMPLETE
525,227069.5678016269,2026-01-13 01:08:58.202362,2026-01-13 01:09:27.977908,0 days 00:00:29.775546,-4.441423837369253,15.134011579172,5.005355059724027,COMPLETE
526,989994.5370681572,2026-01-13 01:09:27.979069,2026-01-13 01:10:01.296015,0 days 00:00:33.316946,-2.657608044934088,12.866466490281494,4.662122896907857,COMPLETE
527,907399.5313392254,2026-01-13 01:10:01.296015,2026-01-13 01:10:22.983065,0 days 00:00:21.687050,59.48815838670831,16.94029742221011,5.647225215596272,COMPLETE
528,0.0,2026-01-13 01:10:22.983544,2026-01-13 01:10:22.999279,0 days 00:00:00.015735,7.68291339164772,10.382015287145455,6.288212536169205,COMPLETE
529,1668635.6338299932,2026-01-13 01:10:22.999279,2026-01-13 01:10:53.836558,0 days 00:00:30.837279,0.4720638583842569,7.855114162411228,5.338984217057375,COMPLETE
530,466463.45944499783,2026-01-13 01:10:53.836558,2026-01-13 01:11:24.086907,0 days 00:00:30.250349,2.6422847218656496,13.881453363371806,6.8894109009811,COMPLETE
531,309709.12865537254,2026-01-13 01:11:24.086907,2026-01-13 01:11:53.671515,0 days 00:00:29.584608,-1.1402538316331907,19.58360117465156,5.80859961270401,COMPLETE
532,213604.27669030643,2026-01-13 01:11:53.671515,2026-01-13 01:12:25.462089,0 days 00:00:31.790574,-3.4271018698134927,15.876017154904728,5.178499878387953,COMPLETE
533,1496831.1069633912,2026-01-13 01:12:25.462089,2026-01-13 01:12:55.180824,0 days 00:00:29.718735,1.328464010580384,11.837695921969397,6.0873759227720905,COMPLETE
534,1875241.4037130137,2026-01-13 01:12:55.180824,2026-01-13 01:13:23.606378,0 days 00:00:28.425554,4.052542803479992,14.00066171094426,5.544368401217477,COMPLETE
535,662542.5423613861,2026-01-13 01:13:23.606378,2026-01-13 01:13:54.228176,0 days 00:00:30.621798,-0.1685129000841571,9.852246007232742,6.587864627334579,COMPLETE
536,484223.2297666987,2026-01-13 01:13:54.228176,2026-01-13 01:14:25.646361,0 days 00:00:31.418185,-6.046143049716304,22.251585213695734,5.717087034920605,COMPLETE
537,215717.85903123408,2026-01-13 01:14:25.646361,2026-01-13 01:14:55.833159,0 days 00:00:30.186798,-1.629991277243457,18.72288966587443,4.876563179527403,COMPLETE
538,2662690.863530538,2026-01-13 01:14:55.833686,2026-01-13 01:15:27.900276,0 days 00:00:32.066590,2.437855199184489,15.648336243074432,5.3798658417068115,COMPLETE
539,904198.9577228574,2026-01-13 01:15:27.900276,2026-01-13 01:15:55.689929,0 days 00:00:27.789653,5.161090117561546,17.132768790902105,5.196434108841671,COMPLETE
540,0.0,2026-01-13 01:15:55.689929,2026-01-13 01:15:55.706096,0 days 00:00:00.016167,3.131502902633637,20.713231636531088,4.997458223131582,COMPLETE
541,652714.4066791276,2026-01-13 01:15:55.706096,2026-01-13 01:16:28.524403,0 days 00:00:32.818307,13.63195839408084,16.20906856426635,4.614325944383545,COMPLETE
542,712217.8057436264,2026-01-13 01:16:28.525209,2026-01-13 01:16:57.803462,0 days 00:00:29.278253,6.1510936436041765,11.910407454312073,4.202324168701757,COMPLETE
543,1634251.0690206313,2026-01-13 01:16:57.803462,2026-01-13 01:17:29.032234,0 days 00:00:31.228772,1.6061267398980181,18.017345716079607,5.434770416205598,COMPLETE
544,1180753.0962912259,2026-01-13 01:17:29.033375,2026-01-13 01:17:57.799427,0 days 00:00:28.766052,3.813156491121757,14.663799772407327,5.328799905192783,COMPLETE
545,0.0,2026-01-13 01:17:57.799427,2026-01-13 01:17:57.816638,0 days 00:00:00.017211,2.198907820405628,8.122672925970203,5.512536174532047,COMPLETE
