number,value,datetime_start,datetime_complete,duration,params_mirror_pos_x,params_mirror_pos_y,params_param_swing_speed,state
283,-1000000000.0,2026-01-12 15:24:40.669217,2026-01-12 15:24:40.680973,0 days 00:00:00.011756,28.806660108490487,90.8547497698604,9.992494490856524,COMPLETE
284,0.0,2026-01-12 15:24:40.684980,2026-01-12 15:24:40.690663,0 days 00:00:00.005683,-16.152458314246743,64.89317972434557,4.406725692559203,COMPLETE
285,0.0,2026-01-12 15:24:40.690663,2026-01-12 15:24:40.702266,0 days 00:00:00.011603,30.969284970532982,87.58162970630646,8.71455500624021,COMPLETE
286,0.0,2026-01-12 15:24:40.702266,2026-01-12 15:24:40.716437,0 days 00:00:00.014171,8.400432580983118,44.521137611618656,10.284440454499077,COMPLETE
287,0.0,2026-01-12 15:24:40.716437,2026-01-12 15:24:40.722647,0 days 00:00:00.006210,1.5155186257820041,36.48402562709907,12.952273697710966,COMPLETE
288,0.0,2026-01-12 15:24:40.722647,2026-01-12 15:24:40.735488,0 days 00:00:00.012841,-6.654757671227525,98.35426122819783,14.915083563391558,COMPLETE
289,0.0,2026-01-12 15:24:40.735488,2026-01-12 15:24:40.747855,0 days 00:00:00.012367,23.719376086933803,62.10894222190088,2.5837362581954286,COMPLETE
290,0.0,2026-01-12 15:24:40.747855,2026-01-12 15:24:40.755661,0 days 00:00:00.007806,49.64997009405208,93.38498667445963,3.5419143863006735,COMPLETE
291,-1000000000.0,2026-01-12 15:24:40.755661,2026-01-12 15:24:40.773825,0 days 00:00:00.018164,-11.866588560739117,56.03789162460119,4.950066464402248,COMPLETE
292,0.0,2026-01-12 15:24:40.773825,2026-01-12 15:24:40.785541,0 days 00:00:00.011716,-10.321776422775054,3.520076276364623,8.310121708775178,COMPLETE
293,0.0,2026-01-12 15:24:40.785541,2026-01-12 15:24:40.795968,0 days 00:00:00.010427,20.495180424070305,33.95137582085783,13.675041146162346,COMPLETE
294,-1000000000.0,2026-01-12 15:24:40.795968,2026-01-12 15:24:40.811578,0 days 00:00:00.015610,10.438346326028377,69.2895251437262,14.446285370951768,COMPLETE
295,-1000000000.0,2026-01-12 15:24:40.811578,2026-01-12 15:24:40.827956,0 days 00:00:00.016378,40.35826713766637,108.93172473401413,11.320566230619217,COMPLETE
296,0.0,2026-01-12 15:24:40.827956,2026-01-12 15:24:40.839660,0 days 00:00:00.011704,15.630648190374089,110.68392736643837,11.636022304962351,COMPLETE
297,0.0,2026-01-12 15:24:40.839660,2026-01-12 15:24:40.847659,0 days 00:00:00.007999,7.197465075457192,89.59978206884853,9.037737504747662,COMPLETE
298,-1000000000.0,2026-01-12 15:24:40.847659,2026-01-12 15:24:40.870363,0 days 00:00:00.022704,33.74990839928962,52.87879811208833,9.485280370085915,COMPLETE
299,0.0,2026-01-12 15:24:40.870363,2026-01-12 15:24:40.875889,0 days 00:00:00.005526,11.730243407043961,74.5278997629627,3.0917703897452653,COMPLETE
