number,value,datetime_start,datetime_complete,duration,params_mirror_pos_x,params_mirror_pos_y,params_param_swing_speed,state
0,0.0,2026-01-12 20:36:08.447200,2026-01-12 20:36:08.455583,0 days 00:00:00.008383,-16.485454167334463,11.543275143815253,1.684721709255269,COMPLETE
1,0.0,2026-01-12 20:36:08.456585,2026-01-12 20:36:08.462683,0 days 00:00:00.006098,23.269086188701316,94.26179485341032,0.025949237395983538,COMPLETE
2,0.0,2026-01-12 20:36:08.462683,2026-01-12 20:36:08.468690,0 days 00:00:00.006007,-10.522870852746733,103.34986030874217,5.779053705921996,COMPLETE
3,0.0,2026-01-12 20:36:08.468690,2026-01-12 20:36:08.473717,0 days 00:00:00.005027,-1.135151082686665,92.5878118515362,14.791404231464332,COMPLETE
4,88951.22135954245,2026-01-12 20:36:08.473717,2026-01-12 20:36:36.772502,0 days 00:00:28.298785,58.21369553274985,51.00825211183451,2.0486075217421624,COMPLETE
5,0.0,2026-01-12 20:36:36.772502,2026-01-12 20:36:36.786681,0 days 00:00:00.014179,0.44137459302065807,107.70936667636408,4.737651858658742,COMPLETE
6,0.0,2026-01-12 20:36:36.786681,2026-01-12 20:36:36.786681,0 days 00:00:00,21.457570156930295,85.98255840304647,2.7899371711507026,COMPLETE
7,269830.3845604281,2026-01-12 20:36:36.786681,2026-01-12 20:37:06.829952,0 days 00:00:30.043271,4.152675067518061,75.93516314967655,13.516651931437773,COMPLETE
8,0.0,2026-01-12 20:37:06.829952,2026-01-12 20:37:06.836961,0 days 00:00:00.007009,2.0613437392504323,64.59276185167725,0.20753514427567676,COMPLETE
9,409048.2812589155,2026-01-12 20:37:06.837962,2026-01-12 20:37:36.389591,0 days 00:00:29.551629,31.664472167949157,26.305096086198052,2.0784288272507965,COMPLETE
10,0.0,2026-01-12 20:37:36.389591,2026-01-12 20:37:36.389591,0 days 00:00:00,9.276000785148213,23.242176521044087,6.437769710158349,COMPLETE
11,0.0,2026-01-12 20:37:36.389591,2026-01-12 20:37:36.400417,0 days 00:00:00.010826,1.7602784957600193,94.67683846664724,5.465222051500182,COMPLETE
12,0.0,2026-01-12 20:37:36.400417,2026-01-12 20:37:36.405425,0 days 00:00:00.005008,48.60270495655848,92.2130069384053,2.2316483055699523,COMPLETE
13,0.0,2026-01-12 20:37:36.405425,2026-01-12 20:37:36.405425,0 days 00:00:00,53.102359314417825,33.37712944914805,6.160049044634123,COMPLETE
14,740710.7926852065,2026-01-12 20:37:36.405425,2026-01-12 20:38:06.248392,0 days 00:00:29.842967,7.2493150069827905,12.309246049161121,7.138693766072917,COMPLETE
15,0.0,2026-01-12 20:38:06.249392,2026-01-12 20:38:06.256741,0 days 00:00:00.007349,53.74535925385388,114.79825379292718,1.5901492129376504,COMPLETE
16,0.0,2026-01-12 20:38:06.256741,2026-01-12 20:38:31.886763,0 days 00:00:25.630022,47.2945079581894,114.20396959603825,8.62670818454796,COMPLETE
17,0.0,2026-01-12 20:38:31.887375,2026-01-12 20:38:31.895483,0 days 00:00:00.008108,48.924912744389886,23.307613727399445,6.7144335174377945,COMPLETE
18,0.0,2026-01-12 20:38:31.895483,2026-01-12 20:38:31.902093,0 days 00:00:00.006610,15.990278242121072,3.881924759303912,10.735780035955344,COMPLETE
19,0.0,2026-01-12 20:38:31.902093,2026-01-12 20:38:31.907269,0 days 00:00:00.005176,-11.252903784686037,13.042345664513682,1.0231818547134437,COMPLETE
20,0.0,2026-01-12 20:38:31.907269,2026-01-12 20:39:02.300437,0 days 00:00:30.393168,21.467507035525692,113.69843641980916,8.657483689038608,COMPLETE
21,705295.0576894257,2026-01-12 20:39:02.301437,2026-01-12 20:39:30.031341,0 days 00:00:27.729904,46.906003942116044,59.76687290666956,3.6033545345111015,COMPLETE
22,0.0,2026-01-12 20:39:30.031341,2026-01-12 20:39:30.038524,0 days 00:00:00.007183,-7.693653651416668,105.63252013855599,12.22223638460969,COMPLETE
23,0.0,2026-01-12 20:39:30.038524,2026-01-12 20:39:30.043529,0 days 00:00:00.005005,-7.251484272644424,98.19715482657669,1.336399729615274,COMPLETE
24,0.0,2026-01-12 20:39:30.043529,2026-01-12 20:39:30.049526,0 days 00:00:00.005997,16.521331536039085,52.224642789510966,5.731900474044286,COMPLETE
25,0.0,2026-01-12 20:39:30.049526,2026-01-12 20:39:30.054739,0 days 00:00:00.005213,1.3266999499268977,2.7970999101843708,8.31946308642673,COMPLETE
26,152367.54677730426,2026-01-12 20:39:30.054739,2026-01-12 20:40:02.968257,0 days 00:00:32.913518,9.94677538149734,55.33316869243306,11.127004023296509,COMPLETE
27,747541.3419724157,2026-01-12 20:40:02.970262,2026-01-12 20:40:33.365697,0 days 00:00:30.395435,-5.335482569606382,14.911304233749956,11.34300860597498,COMPLETE
28,0.0,2026-01-12 20:40:33.366696,2026-01-12 20:40:33.373094,0 days 00:00:00.006398,-12.147117922866917,9.64379183077729,14.88018160370166,COMPLETE
29,0.0,2026-01-12 20:40:33.374095,2026-01-12 20:40:33.378093,0 days 00:00:00.003998,-9.841637236512488,10.564791617274727,7.759605347617285,COMPLETE
30,1798401.2347864474,2026-01-12 20:40:33.379448,2026-01-12 20:40:57.036658,0 days 00:00:23.657210,30.659707105904516,3.273385771459223,0.9255436593779492,COMPLETE
31,0.0,2026-01-12 20:40:57.036658,2026-01-12 20:40:57.051194,0 days 00:00:00.014536,35.364094563710026,112.62963534805934,5.35548709967061,COMPLETE
32,694487.1242296195,2026-01-12 20:40:57.051913,2026-01-12 20:41:16.638457,0 days 00:00:19.586544,45.82852463009044,31.98338523043727,9.254030481582221,COMPLETE
33,0.0,2026-01-12 20:41:16.638457,2026-01-12 20:41:16.645509,0 days 00:00:00.007052,11.104864465237625,28.92035481802075,6.962806991161839,COMPLETE
34,0.0,2026-01-12 20:41:16.646518,2026-01-12 20:41:16.651518,0 days 00:00:00.005000,23.451576332478396,93.3131267770324,12.986100906001427,COMPLETE
35,0.0,2026-01-12 20:41:16.651518,2026-01-12 20:41:16.656518,0 days 00:00:00.005000,-10.591249605055566,40.98746066510971,1.6855693370113034,COMPLETE
36,0.0,2026-01-12 20:41:16.656518,2026-01-12 20:41:16.662628,0 days 00:00:00.006110,47.823116426390655,93.08175340266472,10.566750611313505,COMPLETE
37,0.0,2026-01-12 20:41:16.662628,2026-01-12 20:41:16.667627,0 days 00:00:00.004999,51.864116105661,44.18665836070985,8.836425932126197,COMPLETE
38,0.0,2026-01-12 20:41:16.668627,2026-01-12 20:41:16.673627,0 days 00:00:00.005000,-14.42492788803798,18.903877906336845,5.7162159442470735,COMPLETE
39,0.0,2026-01-12 20:41:16.673627,2026-01-12 20:41:16.678724,0 days 00:00:00.005097,7.535086168893965,67.10377572675355,9.803398308251039,COMPLETE
40,0.0,2026-01-12 20:41:16.679724,2026-01-12 20:41:16.684720,0 days 00:00:00.004996,55.95073083464594,78.80583332700995,11.279558927771284,COMPLETE
41,0.0,2026-01-12 20:41:16.684720,2026-01-12 20:41:42.803951,0 days 00:00:26.119231,47.527262405992005,102.06608880022762,1.404395951287218,COMPLETE
42,0.0,2026-01-12 20:41:42.803951,2026-01-12 20:41:42.803951,0 days 00:00:00,-13.63458001060489,101.37205380240977,13.576618342674745,COMPLETE
43,0.0,2026-01-12 20:41:42.803951,2026-01-12 20:42:17.415830,0 days 00:00:34.611879,30.271641527749196,119.46452408541097,0.4634466927255393,COMPLETE
44,0.0,2026-01-12 20:42:17.416830,2026-01-12 20:42:17.424847,0 days 00:00:00.008017,30.72508313764422,8.821149082952417,13.392559553306935,COMPLETE
45,0.0,2026-01-12 20:42:17.424847,2026-01-12 20:42:17.430737,0 days 00:00:00.005890,41.36837540134306,46.65121144741941,4.961045911358512,COMPLETE
46,1287942.68456496,2026-01-12 20:42:17.431737,2026-01-12 20:42:48.708072,0 days 00:00:31.276335,-0.4598989284425059,27.440985025247944,3.4981563604077826,COMPLETE
47,0.0,2026-01-12 20:42:48.708072,2026-01-12 20:42:48.716072,0 days 00:00:00.008000,56.9751550301921,32.70755970149611,9.160988164373027,COMPLETE
48,0.0,2026-01-12 20:42:48.716072,2026-01-12 20:43:17.537092,0 days 00:00:28.821020,49.597127597036476,113.66005582605318,2.3658046836006568,COMPLETE
49,0.0,2026-01-12 20:43:17.537092,2026-01-12 20:43:17.551598,0 days 00:00:00.014506,8.195358516559999,110.78226398067048,14.923811074505974,COMPLETE
50,1261131.3163622434,2026-01-12 20:43:17.551598,2026-01-12 20:43:48.358739,0 days 00:00:30.807141,-2.0439838321998742,18.422016156153333,3.9899905839815006,COMPLETE
51,1441204.1932962807,2026-01-12 20:43:48.358739,2026-01-12 20:44:17.626665,0 days 00:00:29.267926,-2.7281544219226666,18.685193017221867,3.6552723765731816,COMPLETE
52,0.0,2026-01-12 20:44:17.626665,2026-01-12 20:44:17.637549,0 days 00:00:00.010884,-19.544691079320266,17.91309945600731,3.8219774880729283,COMPLETE
53,0.0,2026-01-12 20:44:17.638594,2026-01-12 20:44:17.647845,0 days 00:00:00.009251,-3.8338026376191925,0.05961763753835214,3.3744985581829945,COMPLETE
54,1379934.0483368917,2026-01-12 20:44:17.647845,2026-01-12 20:44:49.065554,0 days 00:00:31.417709,-2.483245263319331,17.11657898157158,4.035380525830192,COMPLETE
55,1334121.0672462655,2026-01-12 20:44:49.065554,2026-01-12 20:45:18.897368,0 days 00:00:29.831814,-1.9967586711277518,17.580084222406107,4.291376582711436,COMPLETE
56,432930.1228212518,2026-01-12 20:45:18.898358,2026-01-12 20:45:52.700909,0 days 00:00:33.802551,-2.9747670223339377,21.27980704799367,4.429142498273071,COMPLETE
57,0.0,2026-01-12 20:45:52.711113,2026-01-12 20:45:52.711113,0 days 00:00:00,4.919050169509976,36.472982289293626,2.8830984960426096,COMPLETE
58,821539.8944967014,2026-01-12 20:45:52.711113,2026-01-12 20:46:21.978064,0 days 00:00:29.266951,-1.9962318151602123,25.856501343519934,4.138431995986245,COMPLETE
59,0.0,2026-01-12 20:46:21.978064,2026-01-12 20:46:21.988512,0 days 00:00:00.010448,12.256767118336866,6.579065348315846,2.668269896719709,COMPLETE
60,365430.83982822363,2026-01-12 20:46:21.988512,2026-01-12 20:46:52.898310,0 days 00:00:30.909798,4.909447063513118,18.257687292586173,3.149004122361835,COMPLETE
61,0.0,2026-01-12 20:46:52.899310,2026-01-12 20:46:52.910908,0 days 00:00:00.011598,1.1718242466060964,26.552185829558,4.176001679504512,COMPLETE
62,1438369.107187944,2026-01-12 20:46:52.910908,2026-01-12 20:47:24.945227,0 days 00:00:32.034319,-1.5478252014600258,15.13364430704646,4.852691012036723,COMPLETE
63,233480.3917654268,2026-01-12 20:47:24.945227,2026-01-12 20:47:55.187521,0 days 00:00:30.242294,-6.255730935630153,15.161363091047757,5.049264441377373,COMPLETE
64,0.0,2026-01-12 20:47:55.187521,2026-01-12 20:47:55.199864,0 days 00:00:00.012343,-1.130267795597645,5.07174781575381,6.185025273420574,COMPLETE
65,456937.8431666857,2026-01-12 20:47:55.199864,2026-01-12 20:48:24.531998,0 days 00:00:29.332134,26.113825443324437,22.055090207658733,4.58429392601886,COMPLETE
66,478792.2821888601,2026-01-12 20:48:24.531998,2026-01-12 20:48:51.537472,0 days 00:00:27.005474,3.29210793878299,14.766084440973128,3.763820635606874,COMPLETE
67,151983.2720450422,2026-01-12 20:48:51.546111,2026-01-12 20:49:12.012217,0 days 00:00:20.466106,14.337010492478928,0.2590601273469737,0.5786175066046484,COMPLETE
68,0.0,2026-01-12 20:49:12.012217,2026-01-12 20:49:12.024171,0 days 00:00:00.011954,-8.564007832444046,37.03850274498325,2.417362040899667,COMPLETE
69,1450152.7059448105,2026-01-12 20:49:12.025180,2026-01-12 20:49:44.297533,0 days 00:00:32.272353,-0.7299174210187167,10.931623081074441,1.9587113915651777,COMPLETE
70,338828.06973439374,2026-01-12 20:49:44.298533,2026-01-12 20:50:10.643623,0 days 00:00:26.345090,-5.06443504125739,7.976549769135754,2.0213602909140156,COMPLETE
71,659479.5856527295,2026-01-12 20:50:10.644624,2026-01-12 20:50:42.203614,0 days 00:00:31.558990,-0.1028252816105737,11.775692548103535,3.229710923768955,COMPLETE
72,0.0,2026-01-12 20:50:42.203614,2026-01-12 20:50:42.214570,0 days 00:00:00.010956,5.1457141619465245,28.413539080139962,1.0006502458521935,COMPLETE
73,270174.0807488515,2026-01-12 20:50:42.214570,2026-01-12 20:51:14.906210,0 days 00:00:32.691640,-3.686832723754283,17.33594648341953,1.9982586581734245,COMPLETE
74,732175.6324007085,2026-01-12 20:51:14.906210,2026-01-12 20:51:44.188339,0 days 00:00:29.282129,37.3093522040977,23.714251902386977,0.07891564677302876,COMPLETE
75,1219010.5440379414,2026-01-12 20:51:44.188339,2026-01-12 20:52:16.439568,0 days 00:00:32.251229,-0.38329260176935165,12.207779818392437,2.7897899933437427,COMPLETE
76,0.0,2026-01-12 20:52:16.439568,2026-01-12 20:52:16.455370,0 days 00:00:00.015802,-8.803859280501342,2.9537967578418796,5.212002854367801,COMPLETE
77,0.0,2026-01-12 20:52:16.455370,2026-01-12 20:52:16.455370,0 days 00:00:00,1.7595787875443931,20.202767279577287,4.325310989148193,COMPLETE
78,0.0,2026-01-12 20:52:16.455370,2026-01-12 20:52:16.471355,0 days 00:00:00.015985,19.104497980729107,7.140682454816279,3.7191281091650863,COMPLETE
79,181028.4440540275,2026-01-12 20:52:16.471355,2026-01-12 20:52:46.807780,0 days 00:00:30.336425,-6.5815046886072,16.544879477199903,0.856874676057831,COMPLETE
80,0.0,2026-01-12 20:52:46.807780,2026-01-12 20:52:46.820674,0 days 00:00:00.012894,-17.746918053337314,29.96459619138175,1.8027989882652866,COMPLETE
81,1360798.1070715615,2026-01-12 20:52:46.820674,2026-01-12 20:53:17.663263,0 days 00:00:30.842589,-2.7266043616819373,12.326620502486637,2.9194251062636,COMPLETE
82,1191869.8239273299,2026-01-12 20:53:17.663263,2026-01-12 20:53:48.551900,0 days 00:00:30.888637,3.215133553709366,13.456406457455113,4.718936678443459,COMPLETE
83,728374.8960330974,2026-01-12 20:53:48.551900,2026-01-12 20:54:16.060167,0 days 00:00:27.508267,-1.5446609852895175,10.13718249291387,3.219557172508268,COMPLETE
84,0.0,2026-01-12 20:54:16.074280,2026-01-12 20:54:16.074280,0 days 00:00:00,6.538554490100825,23.211110499671868,3.9811503033627336,COMPLETE
85,0.0,2026-01-12 20:54:16.074280,2026-01-12 20:54:16.091700,0 days 00:00:00.017420,-11.510297932568852,5.653045979751983,3.5405588128509407,COMPLETE
86,871047.9014801516,2026-01-12 20:54:16.091700,2026-01-12 20:54:45.951777,0 days 00:00:29.860077,-3.2958220785093806,25.506556007600853,2.8945741942664274,COMPLETE
87,0.0,2026-01-12 20:54:45.952123,2026-01-12 20:54:45.963184,0 days 00:00:00.011061,-14.827159717110696,19.9577330763545,2.487087398485621,COMPLETE
88,0.0,2026-01-12 20:54:45.963184,2026-01-12 20:54:45.972716,0 days 00:00:00.009532,27.68876467462325,10.533385262075459,1.2597369550495214,COMPLETE
89,0.0,2026-01-12 20:54:45.972716,2026-01-12 20:54:45.982113,0 days 00:00:00.009397,-4.775229086911074,3.0665016982740583,6.147186089660273,COMPLETE
90,220151.62947018186,2026-01-12 20:54:45.983114,2026-01-12 20:55:10.970606,0 days 00:00:24.987492,-7.418816531501417,14.451701808173565,5.574916946392973,COMPLETE
91,1009730.722976825,2026-01-12 20:55:10.970606,2026-01-12 20:55:44.299541,0 days 00:00:33.328935,0.3899398015259923,13.31890203126521,2.9348252527705365,COMPLETE
92,644111.5105984057,2026-01-12 20:55:44.299541,2026-01-12 20:56:13.969187,0 days 00:00:29.669646,-0.9731680215990461,8.718344553148746,1.5838630558999267,COMPLETE
93,1127594.882682883,2026-01-12 20:56:13.969435,2026-01-12 20:56:48.702830,0 days 00:00:34.733395,2.7604088905142725,17.073792218193056,4.846652630615986,COMPLETE
94,816830.4533067137,2026-01-12 20:56:48.702830,2026-01-12 20:57:21.078692,0 days 00:00:32.375862,-2.8120511890031956,12.488296871831345,3.5004996177963577,COMPLETE
95,0.0,2026-01-12 20:57:21.078692,2026-01-12 20:57:21.097850,0 days 00:00:00.019158,0.3990114585224289,19.783277608411137,2.5210210108275932,COMPLETE
96,0.0,2026-01-12 20:57:21.097850,2026-01-12 20:57:21.109126,0 days 00:00:00.011276,6.194071236051312,5.9505281720245975,3.9904231565819064,COMPLETE
97,0.0,2026-01-12 20:57:21.109126,2026-01-12 20:57:21.115340,0 days 00:00:00.006214,-9.465036745391876,11.545094374209924,2.200826605527676,COMPLETE
98,1459061.5128988067,2026-01-12 20:57:21.115340,2026-01-12 20:57:51.597297,0 days 00:00:30.481957,-5.55511512379335,24.15382730796246,3.08900449357442,COMPLETE
99,921582.9729455258,2026-01-12 20:57:51.597297,2026-01-12 20:58:23.791187,0 days 00:00:32.193890,-5.549135547182898,23.517228288920542,4.3641708301070405,COMPLETE
100,0.0,2026-01-12 20:58:23.791187,2026-01-12 20:58:23.803201,0 days 00:00:00.012014,-13.072001786789773,35.16933603167642,3.2114531382607643,COMPLETE
101,135932.40666009684,2026-01-12 20:58:23.803201,2026-01-12 20:58:53.239715,0 days 00:00:29.436514,-1.191155651673963,27.458821098020625,2.8320930844427687,COMPLETE
102,1560532.525006302,2026-01-12 20:58:53.240259,2026-01-12 20:59:25.176352,0 days 00:00:31.936093,-4.451339462955084,16.72338622041168,3.633539007474121,COMPLETE
103,1716245.2907747594,2026-01-12 20:59:25.176352,2026-01-12 20:59:53.771947,0 days 00:00:28.595595,-6.8435016389409284,15.56917072603276,3.724458945047675,COMPLETE
104,1882627.941576979,2026-01-12 20:59:53.771947,2026-01-12 21:00:22.355384,0 days 00:00:28.583437,-7.53681140942015,30.40039465297828,3.454455125142251,COMPLETE
105,0.0,2026-01-12 21:00:22.356382,2026-01-12 21:00:22.367791,0 days 00:00:00.011409,-10.369612646265827,15.747641038777623,7.595120450279387,COMPLETE
106,1971801.7120925519,2026-01-12 21:00:22.367791,2026-01-12 21:00:51.028026,0 days 00:00:28.660235,-7.419875969842802,30.478421152347426,3.7042074948878914,COMPLETE
107,1834253.1081268068,2026-01-12 21:00:51.028026,2026-01-12 21:01:21.049502,0 days 00:00:30.021476,-8.088296283912655,21.662225255146467,3.0992350678232476,COMPLETE
108,200965.41470877756,2026-01-12 21:01:21.049963,2026-01-12 21:01:49.381125,0 days 00:00:28.331162,-6.72400157080464,29.802584476153434,1.7721011889141143,COMPLETE
109,0.0,2026-01-12 21:01:49.381125,2026-01-12 21:01:49.393454,0 days 00:00:00.012329,-16.205494777305457,38.19153291487647,4.653991271158523,COMPLETE
110,0.0,2026-01-12 21:01:49.393454,2026-01-12 21:01:49.402998,0 days 00:00:00.009544,-8.386138147381079,32.98875596516028,3.6720518289077777,COMPLETE
111,1371994.9876877274,2026-01-12 21:01:49.403996,2026-01-12 21:02:18.822760,0 days 00:00:29.418764,-4.3597240486963855,21.152442392836033,2.9980169094153877,COMPLETE
112,0.0,2026-01-12 21:02:18.822760,2026-01-12 21:02:18.822760,0 days 00:00:00,-11.760593548828464,25.062585883207177,2.127330841258164,COMPLETE
113,1657401.9646305235,2026-01-12 21:02:18.822760,2026-01-12 21:02:48.245828,0 days 00:00:29.423068,-4.344771577537321,22.202077589579982,3.420106600983795,COMPLETE
114,172617.6829238222,2026-01-12 21:02:48.246828,2026-01-12 21:03:14.025972,0 days 00:00:25.779144,-9.794376073842102,66.56675622089223,3.4030078421138628,COMPLETE
115,1768439.8992244003,2026-01-12 21:03:14.025972,2026-01-12 21:03:42.483779,0 days 00:00:28.457807,-7.622257515213646,29.888350158631496,3.9811640830948862,COMPLETE
116,0.0,2026-01-12 21:03:42.483779,2026-01-12 21:03:42.483779,0 days 00:00:00,-7.7823446368943525,40.54635249691155,3.806444343003743,COMPLETE
117,200231.8414966307,2026-01-12 21:03:42.483779,2026-01-12 21:04:11.539397,0 days 00:00:29.055618,-6.094979550358136,32.70581565654922,5.248086381468619,COMPLETE
118,451115.22516686516,2026-01-12 21:04:11.539397,2026-01-12 21:04:42.034205,0 days 00:00:30.494808,34.043955963915096,30.568111491420474,0.36405597915411203,COMPLETE
119,0.0,2026-01-12 21:04:42.034205,2026-01-12 21:04:42.046163,0 days 00:00:00.011958,-13.574498206111315,47.69177244250924,2.55774706928302,COMPLETE
120,0.0,2026-01-12 21:04:42.046163,2026-01-12 21:04:42.055541,0 days 00:00:00.009378,-15.593111917797755,72.88962979917245,4.546067287103246,COMPLETE
121,1334095.094186594,2026-01-12 21:04:42.055541,2026-01-12 21:05:12.233037,0 days 00:00:30.177496,-5.948191567795701,21.345308525689596,4.033058764349377,COMPLETE
122,1598029.286623065,2026-01-12 21:05:12.233037,2026-01-12 21:05:42.093801,0 days 00:00:29.860764,-4.317319087231153,24.46484278171642,3.3583229366504774,COMPLETE
123,0.0,2026-01-12 21:05:42.093801,2026-01-12 21:05:42.105032,0 days 00:00:00.011231,-10.687718503422072,24.54156565545726,3.412427254163632,COMPLETE
124,1507206.9121759431,2026-01-12 21:05:42.106030,2026-01-12 21:06:11.346151,0 days 00:00:29.240121,-4.719369900129549,27.157171831934892,3.2251089756520406,COMPLETE
125,127591.69895887538,2026-01-12 21:06:11.346943,2026-01-12 21:06:39.990346,0 days 00:00:28.643403,-4.622406922839734,27.887874075792276,1.2296121519181833,COMPLETE
126,0.0,2026-01-12 21:06:39.990346,2026-01-12 21:06:40.002353,0 days 00:00:00.012007,-8.980244570678476,34.99882722381734,0.7065768721717572,COMPLETE
127,665228.837548348,2026-01-12 21:06:40.003358,2026-01-12 21:07:08.218126,0 days 00:00:28.214768,-7.021494482071318,31.20236482205676,3.099499365110829,COMPLETE
128,0.0,2026-01-12 21:07:08.218126,2026-01-12 21:07:08.230681,0 days 00:00:00.012555,-12.35060999107895,22.763976455908224,2.302275255619386,COMPLETE
129,224221.72849166696,2026-01-12 21:07:08.230681,2026-01-12 21:07:36.398883,0 days 00:00:28.168202,-8.08725889835419,27.637907406094236,2.684716135546486,COMPLETE
130,1093263.9711345867,2026-01-12 21:07:36.398883,2026-01-12 21:07:58.956025,0 days 00:00:22.557142,-4.369852409598394,39.90302222453053,3.7090533862184705,COMPLETE
131,0.0,2026-01-12 21:07:58.956025,2026-01-12 21:07:58.968409,0 days 00:00:00.012384,-4.1824433578835905,87.55193146089212,3.277760787250012,COMPLETE
132,1395253.6726688575,2026-01-12 21:07:58.968409,2026-01-12 21:08:28.887936,0 days 00:00:29.919527,-6.587015659134396,19.561181845030784,4.200275843068764,COMPLETE
133,0.0,2026-01-12 21:08:28.889092,2026-01-12 21:08:28.900899,0 days 00:00:00.011807,1.8641016871465421,26.166285071531963,3.4924655859232647,COMPLETE
134,1196542.333326074,2026-01-12 21:08:28.900899,2026-01-12 21:09:02.312090,0 days 00:00:33.411191,-2.3974881778064043,21.67150097619791,3.9034118764235344,COMPLETE
135,0.0,2026-01-12 21:09:02.312090,2026-01-12 21:09:02.323317,0 days 00:00:00.011227,42.227809107215144,15.566404362977487,4.890132513273649,COMPLETE
136,0.0,2026-01-12 21:09:02.324479,2026-01-12 21:09:02.333749,0 days 00:00:00.009270,-10.0877497237678,18.142901777626705,4.3406097674805455,COMPLETE
137,0.0,2026-01-12 21:09:02.334750,2026-01-12 21:09:02.343134,0 days 00:00:00.008384,-5.80153508767972,43.509681968511494,3.0982765423967056,COMPLETE
138,1492892.7541308491,2026-01-12 21:09:02.344135,2026-01-12 21:09:31.874830,0 days 00:00:29.530695,-3.3913981223019087,24.817883043699553,3.6085484508874166,COMPLETE
