number,value,datetime_start,datetime_complete,duration,params_mirror_pos_x,params_mirror_pos_y,params_param_swing_speed,state
546,1271541.3428997865,2026-01-13 01:17:57.816638,2026-01-13 01:18:31.616920,0 days 00:00:33.800282,0.8194833221493716,12.003861822453889,5.016103730237011,COMPLETE
547,1053930.8638274649,2026-01-13 01:18:31.616920,2026-01-13 01:18:57.908237,0 days 00:00:26.291317,3.276745591720573,15.623679769964529,13.00822698305246,COMPLETE
548,0.0,2026-01-13 01:18:57.908237,2026-01-13 01:18:57.925249,0 days 00:00:00.017012,-0.022418322790913048,5.141189330935678,6.064049061784535,COMPLETE
549,2383267.879487818,2026-01-13 01:18:57.925249,2026-01-13 01:19:28.579515,0 days 00:00:30.654266,2.010745525741325,10.906464028390376,5.256038974863797,COMPLETE
550,0.0,2026-01-13 01:19:28.579515,2026-01-13 01:19:28.595517,0 days 00:00:00.016002,4.5799783759098975,8.06675074431691,5.156702336728265,COMPLETE
551,1272428.7592064624,2026-01-13 01:19:28.596399,2026-01-13 01:19:59.357298,0 days 00:00:30.760899,2.132440695275374,10.000684663166014,4.624788823696244,COMPLETE
552,0.0,2026-01-13 01:19:59.357298,2026-01-13 01:19:59.377395,0 days 00:00:00.020097,7.420129248730127,5.566538745845438,5.336182924717687,COMPLETE
553,1300695.82902646,2026-01-13 01:19:59.377395,2026-01-13 01:20:29.926119,0 days 00:00:30.548724,1.8183003892864744,11.032830723780663,4.917125790314753,COMPLETE
554,1613358.4774170876,2026-01-13 01:20:29.926119,2026-01-13 01:20:59.023786,0 days 00:00:29.097667,5.375841053605162,13.071644270788173,5.679259006367776,COMPLETE
555,1444772.1075357506,2026-01-13 01:20:59.023786,2026-01-13 01:21:29.613977,0 days 00:00:30.590191,0.5189231240187178,8.5746925122967,5.51077602641728,COMPLETE
556,1315201.7020974008,2026-01-13 01:21:29.613977,2026-01-13 01:22:00.242064,0 days 00:00:30.628087,2.9788158515607535,10.907714688093007,4.809356456195928,COMPLETE
557,1852759.3531320188,2026-01-13 01:22:00.242064,2026-01-13 01:22:33.926549,0 days 00:00:33.684485,-0.5332871160427324,12.988252756193654,5.887256940093445,COMPLETE
558,0.0,2026-01-13 01:22:33.926549,2026-01-13 01:22:33.942363,0 days 00:00:00.015814,4.252422870286935,3.5256048679082754,5.228339938048856,COMPLETE
559,0.0,2026-01-13 01:22:33.942363,2026-01-13 01:22:33.956158,0 days 00:00:00.013795,1.039755018719918,6.986489643320866,5.593639382100785,COMPLETE
560,1100051.070508601,2026-01-13 01:22:33.956158,2026-01-13 01:23:05.907879,0 days 00:00:31.951721,-1.2871886483780837,14.2655672748299,4.399201710040332,COMPLETE
561,927338.283590819,2026-01-13 01:23:05.907879,2026-01-13 01:23:37.880954,0 days 00:00:31.973075,2.7152705949612925,17.907650866044666,6.299542259068952,COMPLETE
562,1737695.724752671,2026-01-13 01:23:37.880954,2026-01-13 01:24:06.546496,0 days 00:00:28.665542,-0.05020432229713434,9.442045779489831,5.210895668170166,COMPLETE
563,356370.59054931486,2026-01-13 01:24:06.547568,2026-01-13 01:24:37.772132,0 days 00:00:31.224564,-3.0515891200547673,12.102337634198935,5.925470527093242,COMPLETE
564,2528519.6980865165,2026-01-13 01:24:37.772367,2026-01-13 01:25:08.088551,0 days 00:00:30.316184,1.7191016060789823,14.400378644280512,5.447531948670671,COMPLETE
565,1050264.514296635,2026-01-13 01:25:08.089255,2026-01-13 01:25:39.039368,0 days 00:00:30.950113,6.422988977366479,19.566400324452363,4.887885135226238,COMPLETE
566,1303635.1607291421,2026-01-13 01:25:39.039368,2026-01-13 01:26:11.411478,0 days 00:00:32.372110,-0.7437247246654852,16.272845918755678,5.371936830046291,COMPLETE
567,256373.94187240626,2026-01-13 01:26:11.411478,2026-01-13 01:26:41.774716,0 days 00:00:30.363238,-4.671770253032893,14.907740209089486,5.7838357642010365,COMPLETE
568,0.0,2026-01-13 01:26:41.774716,2026-01-13 01:26:41.790653,0 days 00:00:00.015937,2.021297608442734,22.61056751618994,6.115579481084828,COMPLETE
569,0.0,2026-01-13 01:26:41.791655,2026-01-13 01:26:41.805980,0 days 00:00:00.014325,-2.061731949260662,0.4791072994443972,5.113646743543245,COMPLETE
570,2781989.151881862,2026-01-13 01:26:41.805980,2026-01-13 01:27:15.392467,0 days 00:00:33.586487,1.0477823140193707,17.863801708532502,5.509829902846822,COMPLETE
571,449082.3505099142,2026-01-13 01:27:15.392467,2026-01-13 01:27:44.871517,0 days 00:00:29.479050,0.5477300922161832,25.492014899989332,5.659948933927124,COMPLETE
572,208692.49040266557,2026-01-13 01:27:44.871517,2026-01-13 01:28:20.236940,0 days 00:00:35.365423,-2.655120925972116,21.1092043958061,4.702497966033169,COMPLETE
573,307975.4394043286,2026-01-13 01:28:20.238162,2026-01-13 01:28:52.435959,0 days 00:00:32.197797,-0.45645794428588654,20.35032688821768,5.354832520517789,COMPLETE
574,364746.0777952189,2026-01-13 01:28:52.436288,2026-01-13 01:29:24.103172,0 days 00:00:31.666884,-4.085237922335102,17.176368757849204,5.881673583627488,COMPLETE
575,269584.57241399185,2026-01-13 01:29:24.103172,2026-01-13 01:29:53.642792,0 days 00:00:29.539620,-1.5730180466273542,18.528351089037166,6.283122229501948,COMPLETE
576,1852772.0779761253,2026-01-13 01:29:53.642792,2026-01-13 01:30:27.530972,0 days 00:00:33.888180,1.066433217188035,15.427690053550993,5.013533657770948,COMPLETE
577,1439457.609167485,2026-01-13 01:30:27.530972,2026-01-13 01:30:57.776079,0 days 00:00:30.245107,0.5934999137350632,17.859267505767534,5.470499455774144,COMPLETE
578,244379.2297113862,2026-01-13 01:30:57.776079,2026-01-13 01:31:29.311224,0 days 00:00:31.535145,-2.9202751202202313,14.162778149295212,5.735568229909022,COMPLETE
579,284286.06255388784,2026-01-13 01:31:29.311224,2026-01-13 01:32:01.448794,0 days 00:00:32.137570,-1.1713251806575526,16.515864215347843,5.234995207232769,COMPLETE
580,1595865.1824981293,2026-01-13 01:32:01.448794,2026-01-13 01:32:34.915324,0 days 00:00:33.466530,2.2891171626758697,13.30038167561914,6.028345950811668,COMPLETE
581,226507.36148657568,2026-01-13 01:32:34.915324,2026-01-13 01:33:05.576954,0 days 00:00:30.661630,-7.23082872354838,19.585819749174153,5.56071551011201,COMPLETE
582,517138.956931609,2026-01-13 01:33:05.576954,2026-01-13 01:33:30.973450,0 days 00:00:25.396496,3.90155292022202,15.503821216589749,6.550378288658703,COMPLETE
583,1231602.1460331718,2026-01-13 01:33:30.973450,2026-01-13 01:34:01.545923,0 days 00:00:30.572473,-0.05588722558514425,13.397430336247126,5.008122567777193,COMPLETE
584,184631.09699149348,2026-01-13 01:34:01.545923,2026-01-13 01:34:32.172619,0 days 00:00:30.626696,-4.815510278369836,24.374600354078336,5.854473834558784,COMPLETE
585,1850912.578892676,2026-01-13 01:34:32.172619,2026-01-13 01:35:06.381874,0 days 00:00:34.209255,1.6942751219868746,17.37347592048573,5.379852058541231,COMPLETE
586,1701142.490901127,2026-01-13 01:35:06.381874,2026-01-13 01:35:42.083341,0 days 00:00:35.701467,-1.9048256299696311,13.106232999834965,6.155062946275645,COMPLETE
587,1183778.2742322884,2026-01-13 01:35:42.083341,2026-01-13 01:36:16.353201,0 days 00:00:34.269860,-3.4330247713705493,10.565541702133986,4.763932126925667,COMPLETE
588,3099502.5884856093,2026-01-13 01:36:16.354202,2026-01-13 01:36:52.148286,0 days 00:00:35.794084,-0.30266042958848205,15.646898121972955,5.556729977882234,COMPLETE
589,292454.25271294726,2026-01-13 01:36:52.148986,2026-01-13 01:37:23.843094,0 days 00:00:31.694108,-1.0458299945956675,22.31069108658719,5.662088258441928,COMPLETE
590,315537.6057060233,2026-01-13 01:37:23.843094,2026-01-13 01:37:52.951044,0 days 00:00:29.107950,-2.7058768288918986,17.97755460710571,5.9965863896675815,COMPLETE
591,0.0,2026-01-13 01:37:52.951044,2026-01-13 01:37:52.968462,0 days 00:00:00.017418,0.0007683284270796342,19.652171156125583,6.4971432283587625,COMPLETE
592,314217.0220775932,2026-01-13 01:37:52.968462,2026-01-13 01:38:22.654211,0 days 00:00:29.685749,-5.622282646031342,15.960468907574867,5.628033930146573,COMPLETE
593,1545383.044912933,2026-01-13 01:38:22.655211,2026-01-13 01:38:56.388253,0 days 00:00:33.733042,-0.7531980692429856,15.556572021076082,6.257655611149221,COMPLETE
594,338872.8106394564,2026-01-13 01:38:56.388965,2026-01-13 01:39:26.991763,0 days 00:00:30.602798,-4.066291920929572,18.965231502435056,5.913995268282423,COMPLETE
595,250352.51974456967,2026-01-13 01:39:26.991763,2026-01-13 01:39:55.905656,0 days 00:00:28.913893,-2.0604585810018223,15.595328069313174,5.4261110266793295,COMPLETE
596,0.0,2026-01-13 01:39:55.905656,2026-01-13 01:39:55.922429,0 days 00:00:00.016773,0.5691325075902275,21.574022405120346,5.726611226445965,COMPLETE
597,0.0,2026-01-13 01:39:55.922429,2026-01-13 01:39:55.936236,0 days 00:00:00.013807,-1.306923175881657,89.98780458904679,5.082028253758341,COMPLETE
598,2260056.02457454,2026-01-13 01:39:55.936236,2026-01-13 01:40:29.599055,0 days 00:00:33.662819,0.8848949566252791,13.608097929825552,5.451505259643947,COMPLETE
599,294466.9195982319,2026-01-13 01:40:29.600071,2026-01-13 01:40:59.307287,0 days 00:00:29.707216,-2.8109662610759623,17.720415742577433,5.967432583023171,COMPLETE
600,872556.8499635994,2026-01-13 01:40:59.307287,2026-01-13 01:41:28.936312,0 days 00:00:29.629025,3.3258062815213227,14.009809626996278,6.278719692074132,COMPLETE
601,2284370.430080831,2026-01-13 01:41:28.936312,2026-01-13 01:42:01.543915,0 days 00:00:32.607603,-0.34935792508176955,12.129220451075312,5.695963412398409,COMPLETE
602,1233733.2728835964,2026-01-13 01:42:01.543915,2026-01-13 01:42:33.124567,0 days 00:00:31.580652,-3.7638000651730366,16.912640040853297,4.361938307631576,COMPLETE
603,0.0,2026-01-13 01:42:33.124567,2026-01-13 01:42:33.143619,0 days 00:00:00.019052,1.6478412417500812,19.727558187658694,5.273402200267529,COMPLETE
604,0.0,2026-01-13 01:42:33.143619,2026-01-13 01:42:33.154770,0 days 00:00:00.011151,-1.7895356330551881,53.45227282931968,5.5635286562037,COMPLETE
605,1401117.2540338968,2026-01-13 01:42:33.154770,2026-01-13 01:43:04.043490,0 days 00:00:30.888720,0.18010179244641122,15.476347502288542,5.0806599452173415,COMPLETE
606,1482273.551930715,2026-01-13 01:43:04.043490,2026-01-13 01:43:33.743004,0 days 00:00:29.699514,4.273291440319166,12.360781801271765,5.978665667463655,COMPLETE
607,438479.95224339893,2026-01-13 01:43:33.743004,2026-01-13 01:44:00.835761,0 days 00:00:27.092757,-4.887280552600317,9.878093405935925,4.826161588139839,COMPLETE
608,480404.76743724773,2026-01-13 01:44:00.835761,2026-01-13 01:44:30.227868,0 days 00:00:29.392107,2.4438526860053393,14.53156221280061,6.761534758434189,COMPLETE
609,238107.73382744042,2026-01-13 01:44:30.227868,2026-01-13 01:44:59.117522,0 days 00:00:28.889654,-8.92658302751359,17.38893802534499,5.339979286136779,COMPLETE
610,2156860.065170313,2026-01-13 01:44:59.117522,2026-01-13 01:45:34.279418,0 days 00:00:35.161896,-1.488953910350738,12.130287472268124,5.719444770687991,COMPLETE
611,275856.94851223635,2026-01-13 01:45:34.280419,2026-01-13 01:46:08.113415,0 days 00:00:33.832996,-0.10668280021836196,20.70734962032965,6.184970719404048,COMPLETE
612,1959779.5588185545,2026-01-13 01:46:08.113415,2026-01-13 01:46:39.339870,0 days 00:00:31.226455,1.362344473428259,14.818534628621629,5.842072960060575,COMPLETE
613,1749829.3127453094,2026-01-13 01:46:39.339870,2026-01-13 01:47:09.468962,0 days 00:00:30.129092,-2.868975019424191,8.411107938675952,5.384102238011033,COMPLETE
614,214686.10810785167,2026-01-13 01:47:09.469494,2026-01-13 01:47:41.498062,0 days 00:00:32.028568,-1.1884338694248935,18.634303705780237,5.1403511115216265,COMPLETE
615,2702125.4923573905,2026-01-13 01:47:41.498062,2026-01-13 01:48:08.682081,0 days 00:00:27.184019,-6.644183238746988,11.106969311849548,6.471533462107879,COMPLETE
616,0.0,2026-01-13 01:48:08.682081,2026-01-13 01:48:08.699081,0 days 00:00:00.017000,-6.38541196018136,6.136101327545455,6.524130191022696,COMPLETE
617,321312.9413060811,2026-01-13 01:48:08.699081,2026-01-13 01:48:32.107470,0 days 00:00:23.408389,-7.195126027930794,8.62949336284273,6.907089088220708,COMPLETE
618,2563245.665210273,2026-01-13 01:48:32.108470,2026-01-13 01:48:57.704776,0 days 00:00:25.596306,-7.559160621739406,10.671174490659459,6.382652214644489,COMPLETE
619,821963.7767011424,2026-01-13 01:48:57.719435,2026-01-13 01:49:25.407211,0 days 00:00:27.687776,-6.189963063207659,65.78192696241396,6.732140893524875,COMPLETE
620,1255249.4345660575,2026-01-13 01:49:25.407211,2026-01-13 01:49:57.689099,0 days 00:00:32.281888,-5.522549546384548,10.718036585711541,7.021878931501057,COMPLETE
621,0.0,2026-01-13 01:49:57.689099,2026-01-13 01:49:57.702988,0 days 00:00:00.013889,-6.108045080321258,6.521322966823677,6.375354097212313,COMPLETE
622,954647.0594619283,2026-01-13 01:49:57.702988,2026-01-13 01:50:23.591944,0 days 00:00:25.888956,-5.290389937919915,9.699741073732033,7.189049623937441,COMPLETE
623,0.0,2026-01-13 01:50:23.591944,2026-01-13 01:50:23.607761,0 days 00:00:00.015817,-10.760741455455591,12.486515133273958,6.588807552034394,COMPLETE
624,0.0,2026-01-13 01:50:23.607761,2026-01-13 01:50:23.627393,0 days 00:00:00.019632,-9.525261339218542,10.708687544626834,6.538953477077382,COMPLETE
625,1440195.1931483904,2026-01-13 01:50:23.627393,2026-01-13 01:50:51.082274,0 days 00:00:27.454881,-8.661104719365769,13.873114042621271,7.520504674817665,COMPLETE
626,0.0,2026-01-13 01:50:51.082664,2026-01-13 01:50:51.098812,0 days 00:00:00.016148,-8.416889958647062,8.3510895478961,6.293577558587359,COMPLETE
627,0.0,2026-01-13 01:50:51.099800,2026-01-13 01:50:51.113314,0 days 00:00:00.013514,-11.942965515686083,13.179888995298857,7.05945987459627,COMPLETE
628,4176398.053062499,2026-01-13 01:50:51.114314,2026-01-13 01:51:16.311825,0 days 00:00:25.197511,-7.926589648756218,10.655000914339583,6.196709139969876,COMPLETE
629,0.0,2026-01-13 01:51:16.312820,2026-01-13 01:51:16.329918,0 days 00:00:00.017098,-10.26414380777934,6.665580552483642,6.485129990386337,COMPLETE
630,0.0,2026-01-13 01:51:16.329918,2026-01-13 01:51:16.344923,0 days 00:00:00.015005,-9.315920858500156,3.1939661156267807,6.247140494755926,COMPLETE
631,252810.5921725638,2026-01-13 01:51:16.344923,2026-01-13 01:51:40.076139,0 days 00:00:23.731216,-6.541846344159105,71.20250245005076,6.145875859281799,COMPLETE
632,0.0,2026-01-13 01:51:40.076139,2026-01-13 01:51:40.086648,0 days 00:00:00.010509,-8.098919117815536,46.82666345163799,6.701913415436066,COMPLETE
633,388748.89627071016,2026-01-13 01:51:40.086648,2026-01-13 01:52:02.404630,0 days 00:00:22.317982,-7.895086041182328,9.451357303009855,6.149022024643478,COMPLETE
634,0.0,2026-01-13 01:52:02.404630,2026-01-13 01:52:02.421798,0 days 00:00:00.017168,-11.539812318530284,11.206770426499117,6.5047532689050405,COMPLETE
635,6286947.546873608,2026-01-13 01:52:02.421798,2026-01-13 01:52:32.166268,0 days 00:00:29.744470,-9.311581516170818,15.655901898704537,6.897402239668338,COMPLETE
636,1579165.2147832746,2026-01-13 01:52:32.167267,2026-01-13 01:53:01.355175,0 days 00:00:29.187908,-7.170038377142392,16.920841960205077,7.320578479341529,COMPLETE
637,5012278.319451833,2026-01-13 01:53:01.355175,2026-01-13 01:53:29.959233,0 days 00:00:28.604058,-9.300118304987032,15.525871491385434,6.9625641087600085,COMPLETE
638,0.0,2026-01-13 01:53:29.959233,2026-01-13 01:53:29.976910,0 days 00:00:00.017677,-11.472843987249794,20.40590366615299,6.9974265835070195,COMPLETE
639,0.0,2026-01-13 01:53:29.976910,2026-01-13 01:53:29.992751,0 days 00:00:00.015841,-10.844046367057166,22.32321897431863,7.596658584336986,COMPLETE
640,2019283.0032917513,2026-01-13 01:53:29.992751,2026-01-13 01:54:02.338022,0 days 00:00:32.345271,-3.6603044013364663,16.535649764798734,7.261737790856538,COMPLETE
641,1210585.8907404752,2026-01-13 01:54:02.339022,2026-01-13 01:54:31.691441,0 days 00:00:29.352419,-9.941198767172267,18.672884303335636,6.932703653569238,COMPLETE
642,577610.5260449869,2026-01-13 01:54:31.691441,2026-01-13 01:55:01.212120,0 days 00:00:29.520679,-9.514120382518362,23.82926248849851,7.002344139662821,COMPLETE
643,0.0,2026-01-13 01:55:01.212120,2026-01-13 01:55:01.228080,0 days 00:00:00.015960,-13.183890558183208,15.369626078787245,6.8581148083513686,COMPLETE
644,2515164.1569049065,2026-01-13 01:55:01.228080,2026-01-13 01:55:27.723363,0 days 00:00:26.495283,-8.232923376080848,15.02668809333487,7.142052702923804,COMPLETE
645,0.0,2026-01-13 01:55:27.723719,2026-01-13 01:55:27.740975,0 days 00:00:00.017256,-15.818969746010577,18.528785907360753,7.427263747443494,COMPLETE
646,0.0,2026-01-13 01:55:27.740975,2026-01-13 01:55:27.754975,0 days 00:00:00.014000,-9.706282946134834,15.949522165479822,7.147596666672757,COMPLETE
647,3935515.107592306,2026-01-13 01:55:27.755971,2026-01-13 01:55:57.625939,0 days 00:00:29.869968,-8.538015852716413,20.342254278761136,7.339146233724717,COMPLETE
648,0.0,2026-01-13 01:55:57.625939,2026-01-13 01:55:57.640494,0 days 00:00:00.014555,-13.13510936098972,22.634040316145043,7.720842685940248,COMPLETE
649,1018372.4716091123,2026-01-13 01:55:57.640494,2026-01-13 01:56:27.526172,0 days 00:00:29.885678,-8.760799416408277,19.8868305146624,8.166688624998114,COMPLETE
650,0.0,2026-01-13 01:56:27.526172,2026-01-13 01:56:27.542751,0 days 00:00:00.016579,-10.382733547883223,25.786077752539377,6.836089216439815,COMPLETE
651,0.0,2026-01-13 01:56:27.542751,2026-01-13 01:56:27.557348,0 days 00:00:00.014597,-14.213333619429822,17.85364194623395,6.712872461800517,COMPLETE
652,0.0,2026-01-13 01:56:27.557348,2026-01-13 01:56:27.572661,0 days 00:00:00.015313,-12.035001688125355,19.86986709924802,7.496676312739434,COMPLETE
653,1186140.6127822734,2026-01-13 01:56:27.572661,2026-01-13 01:56:56.431557,0 days 00:00:28.858896,-9.46665917625973,17.304018586087523,7.719083338193412,COMPLETE
654,0.0,2026-01-13 01:56:56.431557,2026-01-13 01:56:56.448155,0 days 00:00:00.016598,-7.619174317879975,56.79415181224073,7.246718247348241,COMPLETE
655,972873.3304096065,2026-01-13 01:56:56.449152,2026-01-13 01:57:22.802100,0 days 00:00:26.352948,-8.045815637292542,15.264977911935668,7.88014944602061,COMPLETE
656,0.0,2026-01-13 01:57:22.802100,2026-01-13 01:57:22.820214,0 days 00:00:00.018114,-9.96090007651439,22.094067177313327,6.7582962565112785,COMPLETE
657,487158.82611696725,2026-01-13 01:57:22.820214,2026-01-13 01:57:50.939515,0 days 00:00:28.119301,-7.389025117378273,17.8188967018708,6.67354515528155,COMPLETE
658,4981693.290180198,2026-01-13 01:57:50.940170,2026-01-13 01:58:18.835024,0 days 00:00:27.894854,-8.402416817493345,14.249326184041612,7.070146799728428,COMPLETE
659,324514.8895140899,2026-01-13 01:58:18.835024,2026-01-13 01:58:51.308799,0 days 00:00:32.473775,-8.46220439129251,30.22357423644945,7.421940306456757,COMPLETE
660,399746.5994130456,2026-01-13 01:58:51.308799,2026-01-13 01:59:21.653373,0 days 00:00:30.344574,-7.442461304039231,20.557130246575714,6.91630733577374,COMPLETE
661,0.0,2026-01-13 01:59:21.654373,2026-01-13 01:59:21.670968,0 days 00:00:00.016595,-11.857609176943894,13.260429061400334,7.159707056959371,COMPLETE
662,1352135.5006375064,2026-01-13 01:59:21.670968,2026-01-13 01:59:52.107115,0 days 00:00:30.436147,-7.33971209218456,16.45349409455757,7.488117183139738,COMPLETE
663,0.0,2026-01-13 01:59:52.107115,2026-01-13 01:59:52.124271,0 days 00:00:00.017156,-10.920116940196236,12.435524043720147,7.236595980621663,COMPLETE
664,480105.8069950707,2026-01-13 01:59:52.124271,2026-01-13 02:00:21.331917,0 days 00:00:29.207646,-8.927859198389378,18.449526946497315,6.703905330609082,COMPLETE
665,2413174.407229691,2026-01-13 02:00:21.331917,2026-01-13 02:00:44.813622,0 days 00:00:23.481705,-6.569976813876681,14.808800845915401,6.9559558569826265,COMPLETE
666,2379191.310080585,2026-01-13 02:00:44.813622,2026-01-13 02:01:11.984488,0 days 00:00:27.170866,-6.630586659158345,10.980154107442281,6.522944640592124,COMPLETE
667,2657523.852472585,2026-01-13 02:01:11.984488,2026-01-13 02:01:41.200900,0 days 00:00:29.216412,-8.409096065138675,16.587510619459298,7.023809821869146,COMPLETE
668,0.0,2026-01-13 02:01:41.200900,2026-01-13 02:01:41.222019,0 days 00:00:00.021119,-11.333190888454633,28.220445827466683,7.66652841709466,COMPLETE
669,1261999.2029131816,2026-01-13 02:01:41.222019,2026-01-13 02:02:10.394770,0 days 00:00:29.172751,-9.480566165961081,21.08269408316275,8.104305478191487,COMPLETE
670,157914.79920322157,2026-01-13 02:02:10.394770,2026-01-13 02:02:40.339234,0 days 00:00:29.944464,-5.898773121373637,23.845243393790785,6.937941810543134,COMPLETE
671,0.0,2026-01-13 02:02:40.339234,2026-01-13 02:02:40.357236,0 days 00:00:00.018002,-12.383171208153978,18.614094807198544,7.281473754658959,COMPLETE
672,0.0,2026-01-13 02:02:40.357236,2026-01-13 02:02:40.373348,0 days 00:00:00.016112,-9.94761394378417,16.771137305628603,7.85244348142562,COMPLETE
673,3260143.4132360793,2026-01-13 02:02:40.373348,2026-01-13 02:03:10.302534,0 days 00:00:29.929186,-8.550354461016598,20.119774297345895,7.183534300381294,COMPLETE
674,664084.7200116292,2026-01-13 02:03:10.302534,2026-01-13 02:03:40.164785,0 days 00:00:29.862251,-8.631866945281901,23.295818968891048,7.309140645512454,COMPLETE
675,0.0,2026-01-13 02:03:40.164785,2026-01-13 02:03:40.180712,0 days 00:00:00.015927,-10.950093976308384,20.778548419300567,7.412196422757438,COMPLETE
676,0.0,2026-01-13 02:03:40.180712,2026-01-13 02:03:40.197616,0 days 00:00:00.016904,-13.83673519378881,43.32258443941931,7.619637578054118,COMPLETE
677,0.0,2026-01-13 02:03:40.197616,2026-01-13 02:03:40.212549,0 days 00:00:00.014933,-10.009246452345328,25.347017401079796,6.978560270722743,COMPLETE
678,430093.5005451392,2026-01-13 02:03:40.212549,2026-01-13 02:04:09.715426,0 days 00:00:29.502877,-8.8118752404812,21.73536465879104,6.982591712674889,COMPLETE
679,3052770.445563019,2026-01-13 02:04:09.715426,2026-01-13 02:04:41.427612,0 days 00:00:31.712186,-7.13092544053809,19.276498032609453,7.281893063298079,COMPLETE
680,1500063.5980353537,2026-01-13 02:04:41.427612,2026-01-13 02:05:11.936340,0 days 00:00:30.508728,-7.033823896721107,20.144035843160058,7.771413277971122,COMPLETE
